2019-05-23 09:35:26.770 [HikariPool-1 housekeeper] WARN  com.zaxxer.hikari.pool.HikariPool - HikariPool-1 - Thread starvation or clock leap detected (housekeeper delta=14h28m34s654ms476µs985ns).
2019-05-23 14:04:33.390 [HikariPool-1 housekeeper] WARN  com.zaxxer.hikari.pool.HikariPool - HikariPool-1 - Thread starvation or clock leap detected (housekeeper delta=26m343ms980µs986ns).
2019-05-23 14:24:30.789 [main] WARN  tk.mybatis.spring.mapper.ClassPathMapperScanner - No MyBatis mapper was found in '[com.ufi.pdioms.resource.*.dao.*]' package. Please check your configuration.
2019-05-23 14:24:30.994 [main] WARN  org.mybatis.spring.mapper.ClassPathMapperScanner - Skipping MapperFactoryBean with name 'userDao' and 'com.ufi.pdioms.resource.drone.dao.UserDao' mapperInterface. Bean already defined with the same name!
2019-05-23 14:24:30.994 [main] WARN  org.mybatis.spring.mapper.ClassPathMapperScanner - Skipping MapperFactoryBean with name 'manufacturerDao' and 'com.ufi.pdioms.resource.manufacturer.dao.ManufacturerDao' mapperInterface. Bean already defined with the same name!
2019-05-23 14:24:30.994 [main] WARN  org.mybatis.spring.mapper.ClassPathMapperScanner - No MyBatis mapper was found in '[com.ufi.pdioms.resource]' package. Please check your configuration.
2019-05-23 14:24:32.818 [main] WARN  t.m.m.mapperhelper.resolve.DefaultEntityResolve - 通用 Mapper 警告信息: <[EntityColumn{table=tb_manufacturer, property='isDelete', column='isDelete', javaType=long, jdbcType=null, typeHandler=null, id=false, identity=false, blob=false, generator='null', orderBy='null', insertable=true, updatable=true, order=DEFAULT}]> 使用了基本类型，基本类型在动态 SQL 中由于存在默认值，因此任何时候都不等于 null，建议修改基本类型为对应的包装类型!
2019-05-23 14:24:33.259 [main] WARN  o.s.b.a.t.ThymeleafAutoConfiguration$DefaultTemplateResolverConfiguration - Cannot find template location: classpath:/templates/ (please add some templates or check your Thymeleaf configuration)
2019-05-23 14:27:31.262 [http-nio-9900-exec-2] WARN  o.s.w.s.m.support.DefaultHandlerExceptionResolver - Resolved [org.springframework.web.bind.MissingPathVariableException: Missing URI template variable 'manufacturer' for method parameter of type Manufacturer]
2019-05-23 14:27:45.438 [http-nio-9900-exec-5] WARN  o.s.w.s.m.support.DefaultHandlerExceptionResolver - Resolved [org.springframework.web.bind.MissingPathVariableException: Missing URI template variable 'manufacturer' for method parameter of type Manufacturer]
2019-05-23 14:29:28.593 [http-nio-9900-exec-6] WARN  o.s.w.s.m.support.DefaultHandlerExceptionResolver - Resolved [org.springframework.web.bind.MissingPathVariableException: Missing URI template variable 'manufacturer' for method parameter of type Manufacturer]
2019-05-23 14:30:24.254 [main] WARN  tk.mybatis.spring.mapper.ClassPathMapperScanner - No MyBatis mapper was found in '[com.ufi.pdioms.resource.*.dao.*]' package. Please check your configuration.
2019-05-23 14:30:24.377 [main] WARN  org.mybatis.spring.mapper.ClassPathMapperScanner - Skipping MapperFactoryBean with name 'userDao' and 'com.ufi.pdioms.resource.drone.dao.UserDao' mapperInterface. Bean already defined with the same name!
2019-05-23 14:30:24.378 [main] WARN  org.mybatis.spring.mapper.ClassPathMapperScanner - Skipping MapperFactoryBean with name 'manufacturerDao' and 'com.ufi.pdioms.resource.manufacturer.dao.ManufacturerDao' mapperInterface. Bean already defined with the same name!
2019-05-23 14:30:24.378 [main] WARN  org.mybatis.spring.mapper.ClassPathMapperScanner - No MyBatis mapper was found in '[com.ufi.pdioms.resource]' package. Please check your configuration.
2019-05-23 14:30:25.323 [main] WARN  t.m.m.mapperhelper.resolve.DefaultEntityResolve - 通用 Mapper 警告信息: <[EntityColumn{table=tb_manufacturer, property='isDelete', column='isDelete', javaType=long, jdbcType=null, typeHandler=null, id=false, identity=false, blob=false, generator='null', orderBy='null', insertable=true, updatable=true, order=DEFAULT}]> 使用了基本类型，基本类型在动态 SQL 中由于存在默认值，因此任何时候都不等于 null，建议修改基本类型为对应的包装类型!
2019-05-23 14:30:25.572 [main] WARN  o.s.b.a.t.ThymeleafAutoConfiguration$DefaultTemplateResolverConfiguration - Cannot find template location: classpath:/templates/ (please add some templates or check your Thymeleaf configuration)
2019-05-23 14:30:42.318 [http-nio-9900-exec-1] WARN  o.s.w.s.m.support.DefaultHandlerExceptionResolver - Resolved [org.springframework.web.bind.MissingPathVariableException: Missing URI template variable 'manufacturer' for method parameter of type Manufacturer]
2019-05-23 14:33:27.961 [main] WARN  tk.mybatis.spring.mapper.ClassPathMapperScanner - No MyBatis mapper was found in '[com.ufi.pdioms.resource.*.dao.*]' package. Please check your configuration.
2019-05-23 14:33:28.071 [main] WARN  org.mybatis.spring.mapper.ClassPathMapperScanner - Skipping MapperFactoryBean with name 'userDao' and 'com.ufi.pdioms.resource.drone.dao.UserDao' mapperInterface. Bean already defined with the same name!
2019-05-23 14:33:28.071 [main] WARN  org.mybatis.spring.mapper.ClassPathMapperScanner - Skipping MapperFactoryBean with name 'manufacturerDao' and 'com.ufi.pdioms.resource.manufacturer.dao.ManufacturerDao' mapperInterface. Bean already defined with the same name!
2019-05-23 14:33:28.071 [main] WARN  org.mybatis.spring.mapper.ClassPathMapperScanner - No MyBatis mapper was found in '[com.ufi.pdioms.resource]' package. Please check your configuration.
2019-05-23 14:33:28.964 [main] WARN  t.m.m.mapperhelper.resolve.DefaultEntityResolve - 通用 Mapper 警告信息: <[EntityColumn{table=tb_manufacturer, property='isDelete', column='isDelete', javaType=long, jdbcType=null, typeHandler=null, id=false, identity=false, blob=false, generator='null', orderBy='null', insertable=true, updatable=true, order=DEFAULT}]> 使用了基本类型，基本类型在动态 SQL 中由于存在默认值，因此任何时候都不等于 null，建议修改基本类型为对应的包装类型!
2019-05-23 14:33:29.215 [main] WARN  o.s.b.a.t.ThymeleafAutoConfiguration$DefaultTemplateResolverConfiguration - Cannot find template location: classpath:/templates/ (please add some templates or check your Thymeleaf configuration)
2019-05-23 14:45:27.579 [main] WARN  tk.mybatis.spring.mapper.ClassPathMapperScanner - No MyBatis mapper was found in '[com.ufi.pdioms.resource.*.dao.*]' package. Please check your configuration.
2019-05-23 14:45:27.690 [main] WARN  org.mybatis.spring.mapper.ClassPathMapperScanner - Skipping MapperFactoryBean with name 'userDao' and 'com.ufi.pdioms.resource.drone.dao.UserDao' mapperInterface. Bean already defined with the same name!
2019-05-23 14:45:27.691 [main] WARN  org.mybatis.spring.mapper.ClassPathMapperScanner - Skipping MapperFactoryBean with name 'manufacturerDao' and 'com.ufi.pdioms.resource.manufacturer.dao.ManufacturerDao' mapperInterface. Bean already defined with the same name!
2019-05-23 14:45:27.691 [main] WARN  org.mybatis.spring.mapper.ClassPathMapperScanner - No MyBatis mapper was found in '[com.ufi.pdioms.resource]' package. Please check your configuration.
2019-05-23 14:45:28.563 [main] WARN  t.m.m.mapperhelper.resolve.DefaultEntityResolve - 通用 Mapper 警告信息: <[EntityColumn{table=tb_manufacturer, property='isDelete', column='isDelete', javaType=long, jdbcType=null, typeHandler=null, id=false, identity=false, blob=false, generator='null', orderBy='null', insertable=true, updatable=true, order=DEFAULT}]> 使用了基本类型，基本类型在动态 SQL 中由于存在默认值，因此任何时候都不等于 null，建议修改基本类型为对应的包装类型!
2019-05-23 14:45:28.803 [main] WARN  o.s.b.a.t.ThymeleafAutoConfiguration$DefaultTemplateResolverConfiguration - Cannot find template location: classpath:/templates/ (please add some templates or check your Thymeleaf configuration)
2019-05-23 15:01:07.487 [main] WARN  o.s.b.w.s.c.AnnotationConfigServletWebServerApplicationContext - Exception encountered during context initialization - cancelling refresh attempt: org.springframework.beans.factory.BeanDefinitionStoreException: Failed to parse configuration class [com.ufi.pdioms.resource.ResourceApplication]; nested exception is org.springframework.context.annotation.ConflictingBeanDefinitionException: Annotation-specified bean name 'manufacturerRest' for bean class [com.ufi.pdioms.resource.manufacturer.rest.ManufacturerRest] conflicts with existing, non-compatible bean definition of same name and class [com.ufi.pdioms.resource.battery.rest.ManufacturerRest]
2019-05-23 15:01:43.983 [main] WARN  o.s.b.w.s.c.AnnotationConfigServletWebServerApplicationContext - Exception encountered during context initialization - cancelling refresh attempt: org.springframework.beans.factory.BeanDefinitionStoreException: Failed to parse configuration class [com.ufi.pdioms.resource.ResourceApplication]; nested exception is org.springframework.context.annotation.ConflictingBeanDefinitionException: Annotation-specified bean name 'manufacturerRest' for bean class [com.ufi.pdioms.resource.manufacturer.rest.ManufacturerRest] conflicts with existing, non-compatible bean definition of same name and class [com.ufi.pdioms.resource.battery.rest.ManufacturerRest]
2019-05-23 15:01:52.853 [main] WARN  o.s.b.w.s.c.AnnotationConfigServletWebServerApplicationContext - Exception encountered during context initialization - cancelling refresh attempt: org.springframework.beans.factory.BeanDefinitionStoreException: Failed to parse configuration class [com.ufi.pdioms.resource.ResourceApplication]; nested exception is org.springframework.context.annotation.ConflictingBeanDefinitionException: Annotation-specified bean name 'manufacturerRest' for bean class [com.ufi.pdioms.resource.manufacturer.rest.ManufacturerRest] conflicts with existing, non-compatible bean definition of same name and class [com.ufi.pdioms.resource.battery.rest.ManufacturerRest]
2019-05-23 15:35:22.601 [main] WARN  tk.mybatis.spring.mapper.ClassPathMapperScanner - No MyBatis mapper was found in '[com.ufi.pdioms.resource.*.dao.*]' package. Please check your configuration.
2019-05-23 15:35:22.710 [main] WARN  org.mybatis.spring.mapper.ClassPathMapperScanner - Skipping MapperFactoryBean with name 'batteryDao' and 'com.ufi.pdioms.resource.battery.dao.BatteryDao' mapperInterface. Bean already defined with the same name!
2019-05-23 15:35:22.710 [main] WARN  org.mybatis.spring.mapper.ClassPathMapperScanner - Skipping MapperFactoryBean with name 'userDao' and 'com.ufi.pdioms.resource.drone.dao.UserDao' mapperInterface. Bean already defined with the same name!
2019-05-23 15:35:22.710 [main] WARN  org.mybatis.spring.mapper.ClassPathMapperScanner - Skipping MapperFactoryBean with name 'manufacturerDao' and 'com.ufi.pdioms.resource.manufacturer.dao.ManufacturerDao' mapperInterface. Bean already defined with the same name!
2019-05-23 15:35:22.710 [main] WARN  org.mybatis.spring.mapper.ClassPathMapperScanner - No MyBatis mapper was found in '[com.ufi.pdioms.resource]' package. Please check your configuration.
2019-05-23 15:35:23.719 [main] WARN  t.m.m.mapperhelper.resolve.DefaultEntityResolve - 通用 Mapper 警告信息: <[EntityColumn{table=tb_battery, property='isDelete', column='isDelete', javaType=long, jdbcType=null, typeHandler=null, id=false, identity=false, blob=false, generator='null', orderBy='null', insertable=true, updatable=true, order=DEFAULT}]> 使用了基本类型，基本类型在动态 SQL 中由于存在默认值，因此任何时候都不等于 null，建议修改基本类型为对应的包装类型!
2019-05-23 15:35:24.859 [main] WARN  t.m.m.mapperhelper.resolve.DefaultEntityResolve - 通用 Mapper 警告信息: <[EntityColumn{table=tb_manufacturer, property='isDelete', column='isDelete', javaType=long, jdbcType=null, typeHandler=null, id=false, identity=false, blob=false, generator='null', orderBy='null', insertable=true, updatable=true, order=DEFAULT}]> 使用了基本类型，基本类型在动态 SQL 中由于存在默认值，因此任何时候都不等于 null，建议修改基本类型为对应的包装类型!
2019-05-23 15:35:25.660 [main] WARN  o.s.b.a.t.ThymeleafAutoConfiguration$DefaultTemplateResolverConfiguration - Cannot find template location: classpath:/templates/ (please add some templates or check your Thymeleaf configuration)
2019-05-23 15:41:39.144 [main] WARN  tk.mybatis.spring.mapper.ClassPathMapperScanner - No MyBatis mapper was found in '[com.ufi.pdioms.resource.*.dao.*]' package. Please check your configuration.
2019-05-23 15:41:39.263 [main] WARN  org.mybatis.spring.mapper.ClassPathMapperScanner - Skipping MapperFactoryBean with name 'batteryDao' and 'com.ufi.pdioms.resource.battery.dao.BatteryDao' mapperInterface. Bean already defined with the same name!
2019-05-23 15:41:39.263 [main] WARN  org.mybatis.spring.mapper.ClassPathMapperScanner - Skipping MapperFactoryBean with name 'userDao' and 'com.ufi.pdioms.resource.drone.dao.UserDao' mapperInterface. Bean already defined with the same name!
2019-05-23 15:41:39.263 [main] WARN  org.mybatis.spring.mapper.ClassPathMapperScanner - Skipping MapperFactoryBean with name 'manufacturerDao' and 'com.ufi.pdioms.resource.manufacturer.dao.ManufacturerDao' mapperInterface. Bean already defined with the same name!
2019-05-23 15:41:39.264 [main] WARN  org.mybatis.spring.mapper.ClassPathMapperScanner - No MyBatis mapper was found in '[com.ufi.pdioms.resource]' package. Please check your configuration.
2019-05-23 15:41:40.204 [main] WARN  t.m.m.mapperhelper.resolve.DefaultEntityResolve - 通用 Mapper 警告信息: <[EntityColumn{table=tb_battery, property='isDelete', column='isDelete', javaType=long, jdbcType=null, typeHandler=null, id=false, identity=false, blob=false, generator='null', orderBy='null', insertable=true, updatable=true, order=DEFAULT}]> 使用了基本类型，基本类型在动态 SQL 中由于存在默认值，因此任何时候都不等于 null，建议修改基本类型为对应的包装类型!
2019-05-23 15:41:40.384 [main] WARN  t.m.m.mapperhelper.resolve.DefaultEntityResolve - 通用 Mapper 警告信息: <[EntityColumn{table=tb_manufacturer, property='isDelete', column='isDelete', javaType=long, jdbcType=null, typeHandler=null, id=false, identity=false, blob=false, generator='null', orderBy='null', insertable=true, updatable=true, order=DEFAULT}]> 使用了基本类型，基本类型在动态 SQL 中由于存在默认值，因此任何时候都不等于 null，建议修改基本类型为对应的包装类型!
2019-05-23 15:41:40.659 [main] WARN  o.s.b.a.t.ThymeleafAutoConfiguration$DefaultTemplateResolverConfiguration - Cannot find template location: classpath:/templates/ (please add some templates or check your Thymeleaf configuration)
2019-05-23 15:43:15.413 [HikariPool-1 housekeeper] WARN  com.zaxxer.hikari.pool.HikariPool - HikariPool-1 - Thread starvation or clock leap detected (housekeeper delta=1m8s677ms659µs826ns).
2019-05-23 15:47:46.509 [main] WARN  tk.mybatis.spring.mapper.ClassPathMapperScanner - No MyBatis mapper was found in '[com.ufi.pdioms.resource.*.dao.*]' package. Please check your configuration.
2019-05-23 15:47:46.640 [main] WARN  org.mybatis.spring.mapper.ClassPathMapperScanner - Skipping MapperFactoryBean with name 'batteryDao' and 'com.ufi.pdioms.resource.battery.dao.BatteryDao' mapperInterface. Bean already defined with the same name!
2019-05-23 15:47:46.641 [main] WARN  org.mybatis.spring.mapper.ClassPathMapperScanner - Skipping MapperFactoryBean with name 'userDao' and 'com.ufi.pdioms.resource.drone.dao.UserDao' mapperInterface. Bean already defined with the same name!
2019-05-23 15:47:46.641 [main] WARN  org.mybatis.spring.mapper.ClassPathMapperScanner - Skipping MapperFactoryBean with name 'manufacturerDao' and 'com.ufi.pdioms.resource.manufacturer.dao.ManufacturerDao' mapperInterface. Bean already defined with the same name!
2019-05-23 15:47:46.641 [main] WARN  org.mybatis.spring.mapper.ClassPathMapperScanner - No MyBatis mapper was found in '[com.ufi.pdioms.resource]' package. Please check your configuration.
2019-05-23 15:47:47.479 [main] WARN  t.m.m.mapperhelper.resolve.DefaultEntityResolve - 通用 Mapper 警告信息: <[EntityColumn{table=tb_battery, property='status', column='status', javaType=int, jdbcType=null, typeHandler=null, id=false, identity=false, blob=false, generator='null', orderBy='null', insertable=true, updatable=true, order=DEFAULT}]> 使用了基本类型，基本类型在动态 SQL 中由于存在默认值，因此任何时候都不等于 null，建议修改基本类型为对应的包装类型!
2019-05-23 15:47:47.479 [main] WARN  t.m.m.mapperhelper.resolve.DefaultEntityResolve - 通用 Mapper 警告信息: <[EntityColumn{table=tb_battery, property='isDelete', column='isDelete', javaType=long, jdbcType=null, typeHandler=null, id=false, identity=false, blob=false, generator='null', orderBy='null', insertable=true, updatable=true, order=DEFAULT}]> 使用了基本类型，基本类型在动态 SQL 中由于存在默认值，因此任何时候都不等于 null，建议修改基本类型为对应的包装类型!
2019-05-23 15:47:47.631 [main] WARN  t.m.m.mapperhelper.resolve.DefaultEntityResolve - 通用 Mapper 警告信息: <[EntityColumn{table=tb_manufacturer, property='isDelete', column='isDelete', javaType=long, jdbcType=null, typeHandler=null, id=false, identity=false, blob=false, generator='null', orderBy='null', insertable=true, updatable=true, order=DEFAULT}]> 使用了基本类型，基本类型在动态 SQL 中由于存在默认值，因此任何时候都不等于 null，建议修改基本类型为对应的包装类型!
2019-05-23 15:47:47.877 [main] WARN  o.s.b.a.t.ThymeleafAutoConfiguration$DefaultTemplateResolverConfiguration - Cannot find template location: classpath:/templates/ (please add some templates or check your Thymeleaf configuration)
2019-05-23 15:48:54.903 [main] WARN  tk.mybatis.spring.mapper.ClassPathMapperScanner - No MyBatis mapper was found in '[com.ufi.pdioms.resource.*.dao.*]' package. Please check your configuration.
2019-05-23 15:48:55.028 [main] WARN  org.mybatis.spring.mapper.ClassPathMapperScanner - Skipping MapperFactoryBean with name 'batteryDao' and 'com.ufi.pdioms.resource.battery.dao.BatteryDao' mapperInterface. Bean already defined with the same name!
2019-05-23 15:48:55.029 [main] WARN  org.mybatis.spring.mapper.ClassPathMapperScanner - Skipping MapperFactoryBean with name 'userDao' and 'com.ufi.pdioms.resource.drone.dao.UserDao' mapperInterface. Bean already defined with the same name!
2019-05-23 15:48:55.029 [main] WARN  org.mybatis.spring.mapper.ClassPathMapperScanner - Skipping MapperFactoryBean with name 'manufacturerDao' and 'com.ufi.pdioms.resource.manufacturer.dao.ManufacturerDao' mapperInterface. Bean already defined with the same name!
2019-05-23 15:48:55.029 [main] WARN  org.mybatis.spring.mapper.ClassPathMapperScanner - No MyBatis mapper was found in '[com.ufi.pdioms.resource]' package. Please check your configuration.
2019-05-23 15:48:55.897 [main] WARN  t.m.m.mapperhelper.resolve.DefaultEntityResolve - 通用 Mapper 警告信息: <[EntityColumn{table=tb_battery, property='isDelete', column='isDelete', javaType=long, jdbcType=null, typeHandler=null, id=false, identity=false, blob=false, generator='null', orderBy='null', insertable=true, updatable=true, order=DEFAULT}]> 使用了基本类型，基本类型在动态 SQL 中由于存在默认值，因此任何时候都不等于 null，建议修改基本类型为对应的包装类型!
2019-05-23 15:48:56.088 [main] WARN  t.m.m.mapperhelper.resolve.DefaultEntityResolve - 通用 Mapper 警告信息: <[EntityColumn{table=tb_manufacturer, property='isDelete', column='isDelete', javaType=long, jdbcType=null, typeHandler=null, id=false, identity=false, blob=false, generator='null', orderBy='null', insertable=true, updatable=true, order=DEFAULT}]> 使用了基本类型，基本类型在动态 SQL 中由于存在默认值，因此任何时候都不等于 null，建议修改基本类型为对应的包装类型!
2019-05-23 15:48:56.350 [main] WARN  o.s.b.a.t.ThymeleafAutoConfiguration$DefaultTemplateResolverConfiguration - Cannot find template location: classpath:/templates/ (please add some templates or check your Thymeleaf configuration)
2019-05-23 16:08:16.158 [main] WARN  tk.mybatis.spring.mapper.ClassPathMapperScanner - No MyBatis mapper was found in '[com.ufi.pdioms.resource.*.dao.*]' package. Please check your configuration.
2019-05-23 16:08:16.280 [main] WARN  org.mybatis.spring.mapper.ClassPathMapperScanner - Skipping MapperFactoryBean with name 'batteryDao' and 'com.ufi.pdioms.resource.battery.dao.BatteryDao' mapperInterface. Bean already defined with the same name!
2019-05-23 16:08:16.280 [main] WARN  org.mybatis.spring.mapper.ClassPathMapperScanner - Skipping MapperFactoryBean with name 'userDao' and 'com.ufi.pdioms.resource.drone.dao.UserDao' mapperInterface. Bean already defined with the same name!
2019-05-23 16:08:16.281 [main] WARN  org.mybatis.spring.mapper.ClassPathMapperScanner - Skipping MapperFactoryBean with name 'manufacturerDao' and 'com.ufi.pdioms.resource.manufacturer.dao.ManufacturerDao' mapperInterface. Bean already defined with the same name!
2019-05-23 16:08:16.281 [main] WARN  org.mybatis.spring.mapper.ClassPathMapperScanner - No MyBatis mapper was found in '[com.ufi.pdioms.resource]' package. Please check your configuration.
2019-05-23 16:08:17.205 [main] WARN  t.m.m.mapperhelper.resolve.DefaultEntityResolve - 通用 Mapper 警告信息: <[EntityColumn{table=tb_battery, property='isDelete', column='isDelete', javaType=long, jdbcType=null, typeHandler=null, id=false, identity=false, blob=false, generator='null', orderBy='null', insertable=true, updatable=true, order=DEFAULT}]> 使用了基本类型，基本类型在动态 SQL 中由于存在默认值，因此任何时候都不等于 null，建议修改基本类型为对应的包装类型!
2019-05-23 16:08:17.364 [main] WARN  t.m.m.mapperhelper.resolve.DefaultEntityResolve - 通用 Mapper 警告信息: <[EntityColumn{table=tb_manufacturer, property='isDelete', column='isDelete', javaType=long, jdbcType=null, typeHandler=null, id=false, identity=false, blob=false, generator='null', orderBy='null', insertable=true, updatable=true, order=DEFAULT}]> 使用了基本类型，基本类型在动态 SQL 中由于存在默认值，因此任何时候都不等于 null，建议修改基本类型为对应的包装类型!
2019-05-23 16:08:17.616 [main] WARN  o.s.b.a.t.ThymeleafAutoConfiguration$DefaultTemplateResolverConfiguration - Cannot find template location: classpath:/templates/ (please add some templates or check your Thymeleaf configuration)
2019-05-23 16:29:30.384 [main] WARN  tk.mybatis.spring.mapper.ClassPathMapperScanner - No MyBatis mapper was found in '[com.ufi.pdioms.resource.*.dao.*]' package. Please check your configuration.
2019-05-23 16:29:30.507 [main] WARN  org.mybatis.spring.mapper.ClassPathMapperScanner - Skipping MapperFactoryBean with name 'batteryDao' and 'com.ufi.pdioms.resource.battery.dao.BatteryDao' mapperInterface. Bean already defined with the same name!
2019-05-23 16:29:30.507 [main] WARN  org.mybatis.spring.mapper.ClassPathMapperScanner - Skipping MapperFactoryBean with name 'userDao' and 'com.ufi.pdioms.resource.drone.dao.UserDao' mapperInterface. Bean already defined with the same name!
2019-05-23 16:29:30.507 [main] WARN  org.mybatis.spring.mapper.ClassPathMapperScanner - Skipping MapperFactoryBean with name 'manufacturerDao' and 'com.ufi.pdioms.resource.manufacturer.dao.ManufacturerDao' mapperInterface. Bean already defined with the same name!
2019-05-23 16:29:30.508 [main] WARN  org.mybatis.spring.mapper.ClassPathMapperScanner - No MyBatis mapper was found in '[com.ufi.pdioms.resource]' package. Please check your configuration.
2019-05-23 16:29:31.458 [main] WARN  t.m.m.mapperhelper.resolve.DefaultEntityResolve - 通用 Mapper 警告信息: <[EntityColumn{table=tb_battery, property='isDelete', column='isDelete', javaType=long, jdbcType=null, typeHandler=null, id=false, identity=false, blob=false, generator='null', orderBy='null', insertable=true, updatable=true, order=DEFAULT}]> 使用了基本类型，基本类型在动态 SQL 中由于存在默认值，因此任何时候都不等于 null，建议修改基本类型为对应的包装类型!
2019-05-23 16:29:31.628 [main] WARN  t.m.m.mapperhelper.resolve.DefaultEntityResolve - 通用 Mapper 警告信息: <[EntityColumn{table=tb_manufacturer, property='isDelete', column='isDelete', javaType=long, jdbcType=null, typeHandler=null, id=false, identity=false, blob=false, generator='null', orderBy='null', insertable=true, updatable=true, order=DEFAULT}]> 使用了基本类型，基本类型在动态 SQL 中由于存在默认值，因此任何时候都不等于 null，建议修改基本类型为对应的包装类型!
2019-05-23 16:29:31.877 [main] WARN  o.s.b.a.t.ThymeleafAutoConfiguration$DefaultTemplateResolverConfiguration - Cannot find template location: classpath:/templates/ (please add some templates or check your Thymeleaf configuration)
2019-05-23 18:53:25.944 [main] WARN  tk.mybatis.spring.mapper.ClassPathMapperScanner - No MyBatis mapper was found in '[com.ufi.pdioms.resource.*.dao.*]' package. Please check your configuration.
2019-05-23 18:53:26.062 [main] WARN  org.mybatis.spring.mapper.ClassPathMapperScanner - Skipping MapperFactoryBean with name 'batteryDao' and 'com.ufi.pdioms.resource.battery.dao.BatteryDao' mapperInterface. Bean already defined with the same name!
2019-05-23 18:53:26.062 [main] WARN  org.mybatis.spring.mapper.ClassPathMapperScanner - Skipping MapperFactoryBean with name 'userDao' and 'com.ufi.pdioms.resource.drone.dao.UserDao' mapperInterface. Bean already defined with the same name!
2019-05-23 18:53:26.062 [main] WARN  org.mybatis.spring.mapper.ClassPathMapperScanner - Skipping MapperFactoryBean with name 'manufacturerDao' and 'com.ufi.pdioms.resource.manufacturer.dao.ManufacturerDao' mapperInterface. Bean already defined with the same name!
2019-05-23 18:53:26.063 [main] WARN  org.mybatis.spring.mapper.ClassPathMapperScanner - No MyBatis mapper was found in '[com.ufi.pdioms.resource]' package. Please check your configuration.
2019-05-23 18:53:26.869 [main] WARN  t.m.m.mapperhelper.resolve.DefaultEntityResolve - 通用 Mapper 警告信息: <[EntityColumn{table=tb_battery, property='isDelete', column='isDelete', javaType=long, jdbcType=null, typeHandler=null, id=false, identity=false, blob=false, generator='null', orderBy='null', insertable=true, updatable=true, order=DEFAULT}]> 使用了基本类型，基本类型在动态 SQL 中由于存在默认值，因此任何时候都不等于 null，建议修改基本类型为对应的包装类型!
2019-05-23 18:53:27.030 [main] WARN  t.m.m.mapperhelper.resolve.DefaultEntityResolve - 通用 Mapper 警告信息: <[EntityColumn{table=tb_manufacturer, property='isDelete', column='isDelete', javaType=long, jdbcType=null, typeHandler=null, id=false, identity=false, blob=false, generator='null', orderBy='null', insertable=true, updatable=true, order=DEFAULT}]> 使用了基本类型，基本类型在动态 SQL 中由于存在默认值，因此任何时候都不等于 null，建议修改基本类型为对应的包装类型!
2019-05-23 18:53:27.283 [main] WARN  o.s.b.a.t.ThymeleafAutoConfiguration$DefaultTemplateResolverConfiguration - Cannot find template location: classpath:/templates/ (please add some templates or check your Thymeleaf configuration)
2019-05-23 18:56:03.566 [main] WARN  tk.mybatis.spring.mapper.ClassPathMapperScanner - No MyBatis mapper was found in '[com.ufi.pdioms.resource.*.dao.*]' package. Please check your configuration.
2019-05-23 18:56:03.671 [main] WARN  org.mybatis.spring.mapper.ClassPathMapperScanner - Skipping MapperFactoryBean with name 'batteryDao' and 'com.ufi.pdioms.resource.battery.dao.BatteryDao' mapperInterface. Bean already defined with the same name!
2019-05-23 18:56:03.672 [main] WARN  org.mybatis.spring.mapper.ClassPathMapperScanner - Skipping MapperFactoryBean with name 'userDao' and 'com.ufi.pdioms.resource.drone.dao.UserDao' mapperInterface. Bean already defined with the same name!
2019-05-23 18:56:03.672 [main] WARN  org.mybatis.spring.mapper.ClassPathMapperScanner - Skipping MapperFactoryBean with name 'manufacturerDao' and 'com.ufi.pdioms.resource.manufacturer.dao.ManufacturerDao' mapperInterface. Bean already defined with the same name!
2019-05-23 18:56:03.672 [main] WARN  org.mybatis.spring.mapper.ClassPathMapperScanner - No MyBatis mapper was found in '[com.ufi.pdioms.resource]' package. Please check your configuration.
2019-05-23 18:56:04.466 [main] WARN  t.m.m.mapperhelper.resolve.DefaultEntityResolve - 通用 Mapper 警告信息: <[EntityColumn{table=tb_battery, property='isDelete', column='isDelete', javaType=long, jdbcType=null, typeHandler=null, id=false, identity=false, blob=false, generator='null', orderBy='null', insertable=true, updatable=true, order=DEFAULT}]> 使用了基本类型，基本类型在动态 SQL 中由于存在默认值，因此任何时候都不等于 null，建议修改基本类型为对应的包装类型!
2019-05-23 18:56:04.618 [main] WARN  t.m.m.mapperhelper.resolve.DefaultEntityResolve - 通用 Mapper 警告信息: <[EntityColumn{table=tb_manufacturer, property='isDelete', column='isDelete', javaType=long, jdbcType=null, typeHandler=null, id=false, identity=false, blob=false, generator='null', orderBy='null', insertable=true, updatable=true, order=DEFAULT}]> 使用了基本类型，基本类型在动态 SQL 中由于存在默认值，因此任何时候都不等于 null，建议修改基本类型为对应的包装类型!
2019-05-23 18:56:04.854 [main] WARN  o.s.b.a.t.ThymeleafAutoConfiguration$DefaultTemplateResolverConfiguration - Cannot find template location: classpath:/templates/ (please add some templates or check your Thymeleaf configuration)
2019-05-23 18:57:16.449 [main] WARN  tk.mybatis.spring.mapper.ClassPathMapperScanner - No MyBatis mapper was found in '[com.ufi.pdioms.resource.*.dao.*]' package. Please check your configuration.
2019-05-23 18:57:16.574 [main] WARN  org.mybatis.spring.mapper.ClassPathMapperScanner - Skipping MapperFactoryBean with name 'batteryDao' and 'com.ufi.pdioms.resource.battery.dao.BatteryDao' mapperInterface. Bean already defined with the same name!
2019-05-23 18:57:16.574 [main] WARN  org.mybatis.spring.mapper.ClassPathMapperScanner - Skipping MapperFactoryBean with name 'userDao' and 'com.ufi.pdioms.resource.drone.dao.UserDao' mapperInterface. Bean already defined with the same name!
2019-05-23 18:57:16.574 [main] WARN  org.mybatis.spring.mapper.ClassPathMapperScanner - Skipping MapperFactoryBean with name 'manufacturerDao' and 'com.ufi.pdioms.resource.manufacturer.dao.ManufacturerDao' mapperInterface. Bean already defined with the same name!
2019-05-23 18:57:16.574 [main] WARN  org.mybatis.spring.mapper.ClassPathMapperScanner - No MyBatis mapper was found in '[com.ufi.pdioms.resource]' package. Please check your configuration.
2019-05-23 18:57:17.396 [main] WARN  t.m.m.mapperhelper.resolve.DefaultEntityResolve - 通用 Mapper 警告信息: <[EntityColumn{table=tb_battery, property='isDelete', column='isDelete', javaType=long, jdbcType=null, typeHandler=null, id=false, identity=false, blob=false, generator='null', orderBy='null', insertable=true, updatable=true, order=DEFAULT}]> 使用了基本类型，基本类型在动态 SQL 中由于存在默认值，因此任何时候都不等于 null，建议修改基本类型为对应的包装类型!
2019-05-23 18:57:17.578 [main] WARN  t.m.m.mapperhelper.resolve.DefaultEntityResolve - 通用 Mapper 警告信息: <[EntityColumn{table=tb_manufacturer, property='isDelete', column='isDelete', javaType=long, jdbcType=null, typeHandler=null, id=false, identity=false, blob=false, generator='null', orderBy='null', insertable=true, updatable=true, order=DEFAULT}]> 使用了基本类型，基本类型在动态 SQL 中由于存在默认值，因此任何时候都不等于 null，建议修改基本类型为对应的包装类型!
2019-05-23 18:57:17.878 [main] WARN  o.s.b.a.t.ThymeleafAutoConfiguration$DefaultTemplateResolverConfiguration - Cannot find template location: classpath:/templates/ (please add some templates or check your Thymeleaf configuration)
2019-05-23 18:59:36.014 [main] WARN  tk.mybatis.spring.mapper.ClassPathMapperScanner - No MyBatis mapper was found in '[com.ufi.pdioms.resource.*.dao.*]' package. Please check your configuration.
2019-05-23 18:59:36.133 [main] WARN  org.mybatis.spring.mapper.ClassPathMapperScanner - Skipping MapperFactoryBean with name 'batteryDao' and 'com.ufi.pdioms.resource.battery.dao.BatteryDao' mapperInterface. Bean already defined with the same name!
2019-05-23 18:59:36.133 [main] WARN  org.mybatis.spring.mapper.ClassPathMapperScanner - Skipping MapperFactoryBean with name 'userDao' and 'com.ufi.pdioms.resource.drone.dao.UserDao' mapperInterface. Bean already defined with the same name!
2019-05-23 18:59:36.133 [main] WARN  org.mybatis.spring.mapper.ClassPathMapperScanner - Skipping MapperFactoryBean with name 'manufacturerDao' and 'com.ufi.pdioms.resource.manufacturer.dao.ManufacturerDao' mapperInterface. Bean already defined with the same name!
2019-05-23 18:59:36.133 [main] WARN  org.mybatis.spring.mapper.ClassPathMapperScanner - No MyBatis mapper was found in '[com.ufi.pdioms.resource]' package. Please check your configuration.
2019-05-23 18:59:36.950 [main] WARN  t.m.m.mapperhelper.resolve.DefaultEntityResolve - 通用 Mapper 警告信息: <[EntityColumn{table=tb_battery, property='isDelete', column='isDelete', javaType=long, jdbcType=null, typeHandler=null, id=false, identity=false, blob=false, generator='null', orderBy='null', insertable=true, updatable=true, order=DEFAULT}]> 使用了基本类型，基本类型在动态 SQL 中由于存在默认值，因此任何时候都不等于 null，建议修改基本类型为对应的包装类型!
2019-05-23 18:59:37.104 [main] WARN  t.m.m.mapperhelper.resolve.DefaultEntityResolve - 通用 Mapper 警告信息: <[EntityColumn{table=tb_manufacturer, property='isDelete', column='isDelete', javaType=long, jdbcType=null, typeHandler=null, id=false, identity=false, blob=false, generator='null', orderBy='null', insertable=true, updatable=true, order=DEFAULT}]> 使用了基本类型，基本类型在动态 SQL 中由于存在默认值，因此任何时候都不等于 null，建议修改基本类型为对应的包装类型!
2019-05-23 18:59:37.353 [main] WARN  o.s.b.a.t.ThymeleafAutoConfiguration$DefaultTemplateResolverConfiguration - Cannot find template location: classpath:/templates/ (please add some templates or check your Thymeleaf configuration)
2019-05-23 19:04:38.504 [main] WARN  tk.mybatis.spring.mapper.ClassPathMapperScanner - No MyBatis mapper was found in '[com.ufi.pdioms.resource.*.dao.*]' package. Please check your configuration.
2019-05-23 19:04:38.651 [main] WARN  org.mybatis.spring.mapper.ClassPathMapperScanner - Skipping MapperFactoryBean with name 'batteryDao' and 'com.ufi.pdioms.resource.battery.dao.BatteryDao' mapperInterface. Bean already defined with the same name!
2019-05-23 19:04:38.652 [main] WARN  org.mybatis.spring.mapper.ClassPathMapperScanner - Skipping MapperFactoryBean with name 'userDao' and 'com.ufi.pdioms.resource.drone.dao.UserDao' mapperInterface. Bean already defined with the same name!
2019-05-23 19:04:38.652 [main] WARN  org.mybatis.spring.mapper.ClassPathMapperScanner - Skipping MapperFactoryBean with name 'manufacturerDao' and 'com.ufi.pdioms.resource.manufacturer.dao.ManufacturerDao' mapperInterface. Bean already defined with the same name!
2019-05-23 19:04:38.652 [main] WARN  org.mybatis.spring.mapper.ClassPathMapperScanner - No MyBatis mapper was found in '[com.ufi.pdioms.resource]' package. Please check your configuration.
2019-05-23 19:04:39.544 [main] WARN  t.m.m.mapperhelper.resolve.DefaultEntityResolve - 通用 Mapper 警告信息: <[EntityColumn{table=tb_battery, property='isDelete', column='isDelete', javaType=long, jdbcType=null, typeHandler=null, id=false, identity=false, blob=false, generator='null', orderBy='null', insertable=true, updatable=true, order=DEFAULT}]> 使用了基本类型，基本类型在动态 SQL 中由于存在默认值，因此任何时候都不等于 null，建议修改基本类型为对应的包装类型!
2019-05-23 19:04:39.712 [main] WARN  t.m.m.mapperhelper.resolve.DefaultEntityResolve - 通用 Mapper 警告信息: <[EntityColumn{table=tb_manufacturer, property='isDelete', column='isDelete', javaType=long, jdbcType=null, typeHandler=null, id=false, identity=false, blob=false, generator='null', orderBy='null', insertable=true, updatable=true, order=DEFAULT}]> 使用了基本类型，基本类型在动态 SQL 中由于存在默认值，因此任何时候都不等于 null，建议修改基本类型为对应的包装类型!
2019-05-23 19:04:39.959 [main] WARN  o.s.b.a.t.ThymeleafAutoConfiguration$DefaultTemplateResolverConfiguration - Cannot find template location: classpath:/templates/ (please add some templates or check your Thymeleaf configuration)
2019-05-23 19:13:13.744 [main] WARN  tk.mybatis.spring.mapper.ClassPathMapperScanner - No MyBatis mapper was found in '[com.ufi.pdioms.resource.*.dao.*]' package. Please check your configuration.
2019-05-23 19:13:13.867 [main] WARN  org.mybatis.spring.mapper.ClassPathMapperScanner - Skipping MapperFactoryBean with name 'batteryDao' and 'com.ufi.pdioms.resource.battery.dao.BatteryDao' mapperInterface. Bean already defined with the same name!
2019-05-23 19:13:13.867 [main] WARN  org.mybatis.spring.mapper.ClassPathMapperScanner - Skipping MapperFactoryBean with name 'userDao' and 'com.ufi.pdioms.resource.drone.dao.UserDao' mapperInterface. Bean already defined with the same name!
2019-05-23 19:13:13.867 [main] WARN  org.mybatis.spring.mapper.ClassPathMapperScanner - Skipping MapperFactoryBean with name 'manufacturerDao' and 'com.ufi.pdioms.resource.manufacturer.dao.ManufacturerDao' mapperInterface. Bean already defined with the same name!
2019-05-23 19:13:13.867 [main] WARN  org.mybatis.spring.mapper.ClassPathMapperScanner - No MyBatis mapper was found in '[com.ufi.pdioms.resource]' package. Please check your configuration.
2019-05-23 19:13:14.679 [main] WARN  t.m.m.mapperhelper.resolve.DefaultEntityResolve - 通用 Mapper 警告信息: <[EntityColumn{table=tb_battery, property='isDelete', column='isDelete', javaType=long, jdbcType=null, typeHandler=null, id=false, identity=false, blob=false, generator='null', orderBy='null', insertable=true, updatable=true, order=DEFAULT}]> 使用了基本类型，基本类型在动态 SQL 中由于存在默认值，因此任何时候都不等于 null，建议修改基本类型为对应的包装类型!
2019-05-23 19:13:14.831 [main] WARN  t.m.m.mapperhelper.resolve.DefaultEntityResolve - 通用 Mapper 警告信息: <[EntityColumn{table=tb_manufacturer, property='isDelete', column='isDelete', javaType=long, jdbcType=null, typeHandler=null, id=false, identity=false, blob=false, generator='null', orderBy='null', insertable=true, updatable=true, order=DEFAULT}]> 使用了基本类型，基本类型在动态 SQL 中由于存在默认值，因此任何时候都不等于 null，建议修改基本类型为对应的包装类型!
2019-05-23 19:13:15.075 [main] WARN  o.s.b.a.t.ThymeleafAutoConfiguration$DefaultTemplateResolverConfiguration - Cannot find template location: classpath:/templates/ (please add some templates or check your Thymeleaf configuration)
2019-05-23 19:16:21.741 [main] WARN  tk.mybatis.spring.mapper.ClassPathMapperScanner - No MyBatis mapper was found in '[com.ufi.pdioms.resource.*.dao.*]' package. Please check your configuration.
2019-05-23 19:16:21.860 [main] WARN  org.mybatis.spring.mapper.ClassPathMapperScanner - Skipping MapperFactoryBean with name 'batteryDao' and 'com.ufi.pdioms.resource.battery.dao.BatteryDao' mapperInterface. Bean already defined with the same name!
2019-05-23 19:16:21.860 [main] WARN  org.mybatis.spring.mapper.ClassPathMapperScanner - Skipping MapperFactoryBean with name 'userDao' and 'com.ufi.pdioms.resource.drone.dao.UserDao' mapperInterface. Bean already defined with the same name!
2019-05-23 19:16:21.860 [main] WARN  org.mybatis.spring.mapper.ClassPathMapperScanner - Skipping MapperFactoryBean with name 'manufacturerDao' and 'com.ufi.pdioms.resource.manufacturer.dao.ManufacturerDao' mapperInterface. Bean already defined with the same name!
2019-05-23 19:16:21.860 [main] WARN  org.mybatis.spring.mapper.ClassPathMapperScanner - No MyBatis mapper was found in '[com.ufi.pdioms.resource]' package. Please check your configuration.
2019-05-23 19:16:22.707 [main] WARN  t.m.m.mapperhelper.resolve.DefaultEntityResolve - 通用 Mapper 警告信息: <[EntityColumn{table=tb_battery, property='isDelete', column='isDelete', javaType=long, jdbcType=null, typeHandler=null, id=false, identity=false, blob=false, generator='null', orderBy='null', insertable=true, updatable=true, order=DEFAULT}]> 使用了基本类型，基本类型在动态 SQL 中由于存在默认值，因此任何时候都不等于 null，建议修改基本类型为对应的包装类型!
2019-05-23 19:16:22.882 [main] WARN  t.m.m.mapperhelper.resolve.DefaultEntityResolve - 通用 Mapper 警告信息: <[EntityColumn{table=tb_manufacturer, property='isDelete', column='isDelete', javaType=long, jdbcType=null, typeHandler=null, id=false, identity=false, blob=false, generator='null', orderBy='null', insertable=true, updatable=true, order=DEFAULT}]> 使用了基本类型，基本类型在动态 SQL 中由于存在默认值，因此任何时候都不等于 null，建议修改基本类型为对应的包装类型!
2019-05-23 19:16:23.141 [main] WARN  o.s.b.a.t.ThymeleafAutoConfiguration$DefaultTemplateResolverConfiguration - Cannot find template location: classpath:/templates/ (please add some templates or check your Thymeleaf configuration)
2019-05-23 19:17:24.895 [main] WARN  tk.mybatis.spring.mapper.ClassPathMapperScanner - No MyBatis mapper was found in '[com.ufi.pdioms.resource.*.dao.*]' package. Please check your configuration.
2019-05-23 19:17:25.023 [main] WARN  org.mybatis.spring.mapper.ClassPathMapperScanner - Skipping MapperFactoryBean with name 'batteryDao' and 'com.ufi.pdioms.resource.battery.dao.BatteryDao' mapperInterface. Bean already defined with the same name!
2019-05-23 19:17:25.024 [main] WARN  org.mybatis.spring.mapper.ClassPathMapperScanner - Skipping MapperFactoryBean with name 'userDao' and 'com.ufi.pdioms.resource.drone.dao.UserDao' mapperInterface. Bean already defined with the same name!
2019-05-23 19:17:25.024 [main] WARN  org.mybatis.spring.mapper.ClassPathMapperScanner - Skipping MapperFactoryBean with name 'manufacturerDao' and 'com.ufi.pdioms.resource.manufacturer.dao.ManufacturerDao' mapperInterface. Bean already defined with the same name!
2019-05-23 19:17:25.024 [main] WARN  org.mybatis.spring.mapper.ClassPathMapperScanner - No MyBatis mapper was found in '[com.ufi.pdioms.resource]' package. Please check your configuration.
2019-05-23 19:17:25.830 [main] WARN  t.m.m.mapperhelper.resolve.DefaultEntityResolve - 通用 Mapper 警告信息: <[EntityColumn{table=tb_battery, property='isDelete', column='isDelete', javaType=long, jdbcType=null, typeHandler=null, id=false, identity=false, blob=false, generator='null', orderBy='null', insertable=true, updatable=true, order=DEFAULT}]> 使用了基本类型，基本类型在动态 SQL 中由于存在默认值，因此任何时候都不等于 null，建议修改基本类型为对应的包装类型!
2019-05-23 19:17:25.983 [main] WARN  t.m.m.mapperhelper.resolve.DefaultEntityResolve - 通用 Mapper 警告信息: <[EntityColumn{table=tb_manufacturer, property='isDelete', column='isDelete', javaType=long, jdbcType=null, typeHandler=null, id=false, identity=false, blob=false, generator='null', orderBy='null', insertable=true, updatable=true, order=DEFAULT}]> 使用了基本类型，基本类型在动态 SQL 中由于存在默认值，因此任何时候都不等于 null，建议修改基本类型为对应的包装类型!
2019-05-23 19:17:26.225 [main] WARN  o.s.b.a.t.ThymeleafAutoConfiguration$DefaultTemplateResolverConfiguration - Cannot find template location: classpath:/templates/ (please add some templates or check your Thymeleaf configuration)
2019-05-23 19:17:42.508 [main] WARN  tk.mybatis.spring.mapper.ClassPathMapperScanner - No MyBatis mapper was found in '[com.ufi.pdioms.resource.*.dao.*]' package. Please check your configuration.
2019-05-23 19:17:42.621 [main] WARN  org.mybatis.spring.mapper.ClassPathMapperScanner - Skipping MapperFactoryBean with name 'batteryDao' and 'com.ufi.pdioms.resource.battery.dao.BatteryDao' mapperInterface. Bean already defined with the same name!
2019-05-23 19:17:42.621 [main] WARN  org.mybatis.spring.mapper.ClassPathMapperScanner - Skipping MapperFactoryBean with name 'userDao' and 'com.ufi.pdioms.resource.drone.dao.UserDao' mapperInterface. Bean already defined with the same name!
2019-05-23 19:17:42.621 [main] WARN  org.mybatis.spring.mapper.ClassPathMapperScanner - Skipping MapperFactoryBean with name 'manufacturerDao' and 'com.ufi.pdioms.resource.manufacturer.dao.ManufacturerDao' mapperInterface. Bean already defined with the same name!
2019-05-23 19:17:42.622 [main] WARN  org.mybatis.spring.mapper.ClassPathMapperScanner - No MyBatis mapper was found in '[com.ufi.pdioms.resource]' package. Please check your configuration.
2019-05-23 19:17:43.434 [main] WARN  t.m.m.mapperhelper.resolve.DefaultEntityResolve - 通用 Mapper 警告信息: <[EntityColumn{table=tb_battery, property='isDelete', column='isDelete', javaType=long, jdbcType=null, typeHandler=null, id=false, identity=false, blob=false, generator='null', orderBy='null', insertable=true, updatable=true, order=DEFAULT}]> 使用了基本类型，基本类型在动态 SQL 中由于存在默认值，因此任何时候都不等于 null，建议修改基本类型为对应的包装类型!
2019-05-23 19:17:43.587 [main] WARN  t.m.m.mapperhelper.resolve.DefaultEntityResolve - 通用 Mapper 警告信息: <[EntityColumn{table=tb_manufacturer, property='isDelete', column='isDelete', javaType=long, jdbcType=null, typeHandler=null, id=false, identity=false, blob=false, generator='null', orderBy='null', insertable=true, updatable=true, order=DEFAULT}]> 使用了基本类型，基本类型在动态 SQL 中由于存在默认值，因此任何时候都不等于 null，建议修改基本类型为对应的包装类型!
2019-05-23 19:17:43.831 [main] WARN  o.s.b.a.t.ThymeleafAutoConfiguration$DefaultTemplateResolverConfiguration - Cannot find template location: classpath:/templates/ (please add some templates or check your Thymeleaf configuration)
2019-05-23 19:20:06.375 [main] WARN  tk.mybatis.spring.mapper.ClassPathMapperScanner - No MyBatis mapper was found in '[com.ufi.pdioms.resource.*.dao.*]' package. Please check your configuration.
2019-05-23 19:20:06.489 [main] WARN  org.mybatis.spring.mapper.ClassPathMapperScanner - Skipping MapperFactoryBean with name 'batteryDao' and 'com.ufi.pdioms.resource.battery.dao.BatteryDao' mapperInterface. Bean already defined with the same name!
2019-05-23 19:20:06.490 [main] WARN  org.mybatis.spring.mapper.ClassPathMapperScanner - Skipping MapperFactoryBean with name 'userDao' and 'com.ufi.pdioms.resource.drone.dao.UserDao' mapperInterface. Bean already defined with the same name!
2019-05-23 19:20:06.490 [main] WARN  org.mybatis.spring.mapper.ClassPathMapperScanner - Skipping MapperFactoryBean with name 'manufacturerDao' and 'com.ufi.pdioms.resource.manufacturer.dao.ManufacturerDao' mapperInterface. Bean already defined with the same name!
2019-05-23 19:20:06.490 [main] WARN  org.mybatis.spring.mapper.ClassPathMapperScanner - No MyBatis mapper was found in '[com.ufi.pdioms.resource]' package. Please check your configuration.
2019-05-23 19:20:07.297 [main] WARN  t.m.m.mapperhelper.resolve.DefaultEntityResolve - 通用 Mapper 警告信息: <[EntityColumn{table=tb_battery, property='isDelete', column='isDelete', javaType=long, jdbcType=null, typeHandler=null, id=false, identity=false, blob=false, generator='null', orderBy='null', insertable=true, updatable=true, order=DEFAULT}]> 使用了基本类型，基本类型在动态 SQL 中由于存在默认值，因此任何时候都不等于 null，建议修改基本类型为对应的包装类型!
2019-05-23 19:20:07.452 [main] WARN  t.m.m.mapperhelper.resolve.DefaultEntityResolve - 通用 Mapper 警告信息: <[EntityColumn{table=tb_manufacturer, property='isDelete', column='isDelete', javaType=long, jdbcType=null, typeHandler=null, id=false, identity=false, blob=false, generator='null', orderBy='null', insertable=true, updatable=true, order=DEFAULT}]> 使用了基本类型，基本类型在动态 SQL 中由于存在默认值，因此任何时候都不等于 null，建议修改基本类型为对应的包装类型!
2019-05-23 19:20:07.693 [main] WARN  o.s.b.a.t.ThymeleafAutoConfiguration$DefaultTemplateResolverConfiguration - Cannot find template location: classpath:/templates/ (please add some templates or check your Thymeleaf configuration)
