2019-05-23 14:24:29.215 [main] INFO  com.ufi.pdioms.resource.ResourceApplication - Starting ResourceApplication on DESKTOP-G6Q6BPH with PID 6604 (G:\WorkTest\pdioms_resource_rest\target\classes started by 18933 in G:\WorkTest\pdioms_resource_rest)
2019-05-23 14:24:29.229 [main] INFO  com.ufi.pdioms.resource.ResourceApplication - No active profile set, falling back to default profiles: default
2019-05-23 14:24:31.226 [main] INFO  o.s.d.r.config.RepositoryConfigurationDelegate - Multiple Spring Data modules found, entering strict repository configuration mode!
2019-05-23 14:24:31.229 [main] INFO  o.s.d.r.config.RepositoryConfigurationDelegate - Bootstrapping Spring Data repositories in DEFAULT mode.
2019-05-23 14:24:31.312 [main] INFO  o.s.d.r.config.RepositoryConfigurationDelegate - Finished Spring Data repository scanning in 18ms. Found 0 repository interfaces.
2019-05-23 14:24:31.721 [main] INFO  o.s.c.s.PostProcessorRegistrationDelegate$BeanPostProcessorChecker - Bean 'org.springframework.transaction.annotation.ProxyTransactionManagementConfiguration' of type [org.springframework.transaction.annotation.ProxyTransactionManagementConfiguration$$EnhancerBySpringCGLIB$$b06fc3f7] is not eligible for getting processed by all BeanPostProcessors (for example: not eligible for auto-proxying)
2019-05-23 14:24:32.111 [main] INFO  o.s.boot.web.embedded.tomcat.TomcatWebServer - Tomcat initialized with port(s): 9900 (http)
2019-05-23 14:24:32.130 [main] INFO  org.apache.coyote.http11.Http11NioProtocol - Initializing ProtocolHandler ["http-nio-9900"]
2019-05-23 14:24:32.140 [main] INFO  org.apache.catalina.core.StandardService - Starting service [Tomcat]
2019-05-23 14:24:32.140 [main] INFO  org.apache.catalina.core.StandardEngine - Starting Servlet engine: [Apache Tomcat/9.0.19]
2019-05-23 14:24:32.145 [main] INFO  org.apache.catalina.core.AprLifecycleListener - Loaded APR based Apache Tomcat Native library [1.2.21] using APR version [1.6.5].
2019-05-23 14:24:32.145 [main] INFO  org.apache.catalina.core.AprLifecycleListener - APR capabilities: IPv6 [true], sendfile [true], accept filters [false], random [true].
2019-05-23 14:24:32.145 [main] INFO  org.apache.catalina.core.AprLifecycleListener - APR/OpenSSL configuration: useAprConnector [false], useOpenSSL [true]
2019-05-23 14:24:32.205 [main] INFO  org.apache.catalina.core.AprLifecycleListener - OpenSSL successfully initialized [OpenSSL 1.1.1a  20 Nov 2018]
2019-05-23 14:24:32.372 [main] INFO  o.a.c.core.ContainerBase.[Tomcat].[localhost].[/] - Initializing Spring embedded WebApplicationContext
2019-05-23 14:24:32.372 [main] INFO  org.springframework.web.context.ContextLoader - Root WebApplicationContext: initialization completed in 2552 ms
2019-05-23 14:24:33.171 [main] INFO  o.s.scheduling.concurrent.ThreadPoolTaskExecutor - Initializing ExecutorService 'applicationTaskExecutor'
2019-05-23 14:24:33.594 [main] INFO  t.mybatis.mapper.autoconfigure.MapperCacheDisabler - Clear tk.mybatis.mapper.util.MsUtil CLASS_CACHE cache.
2019-05-23 14:24:33.594 [main] INFO  t.mybatis.mapper.autoconfigure.MapperCacheDisabler - Clear tk.mybatis.mapper.genid.GenIdUtil CACHE cache.
2019-05-23 14:24:33.594 [main] INFO  t.mybatis.mapper.autoconfigure.MapperCacheDisabler - Clear tk.mybatis.mapper.version.VersionUtil CACHE cache.
2019-05-23 14:24:33.595 [main] INFO  t.mybatis.mapper.autoconfigure.MapperCacheDisabler - Clear EntityHelper entityTableMap cache.
2019-05-23 14:24:33.891 [main] INFO  org.apache.coyote.http11.Http11NioProtocol - Starting ProtocolHandler ["http-nio-9900"]
2019-05-23 14:24:33.908 [main] INFO  o.s.boot.web.embedded.tomcat.TomcatWebServer - Tomcat started on port(s): 9900 (http) with context path ''
2019-05-23 14:24:33.910 [main] INFO  com.ufi.pdioms.resource.ResourceApplication - Started ResourceApplication in 6.09 seconds (JVM running for 9.895)
2019-05-23 14:27:31.218 [http-nio-9900-exec-2] INFO  o.a.c.core.ContainerBase.[Tomcat].[localhost].[/] - Initializing Spring DispatcherServlet 'dispatcherServlet'
2019-05-23 14:27:31.220 [http-nio-9900-exec-2] INFO  org.springframework.web.servlet.DispatcherServlet - Initializing Servlet 'dispatcherServlet'
2019-05-23 14:27:31.225 [http-nio-9900-exec-2] INFO  org.springframework.web.servlet.DispatcherServlet - Completed initialization in 5 ms
2019-05-23 14:30:23.633 [main] INFO  com.ufi.pdioms.resource.ResourceApplication - Starting ResourceApplication on DESKTOP-G6Q6BPH with PID 20936 (G:\WorkTest\pdioms_resource_rest\target\classes started by 18933 in G:\WorkTest\pdioms_resource_rest)
2019-05-23 14:30:23.636 [main] INFO  com.ufi.pdioms.resource.ResourceApplication - No active profile set, falling back to default profiles: default
2019-05-23 14:30:24.406 [main] INFO  o.s.d.r.config.RepositoryConfigurationDelegate - Multiple Spring Data modules found, entering strict repository configuration mode!
2019-05-23 14:30:24.408 [main] INFO  o.s.d.r.config.RepositoryConfigurationDelegate - Bootstrapping Spring Data repositories in DEFAULT mode.
2019-05-23 14:30:24.439 [main] INFO  o.s.d.r.config.RepositoryConfigurationDelegate - Finished Spring Data repository scanning in 19ms. Found 0 repository interfaces.
2019-05-23 14:30:24.661 [main] INFO  o.s.c.s.PostProcessorRegistrationDelegate$BeanPostProcessorChecker - Bean 'org.springframework.transaction.annotation.ProxyTransactionManagementConfiguration' of type [org.springframework.transaction.annotation.ProxyTransactionManagementConfiguration$$EnhancerBySpringCGLIB$$4539212d] is not eligible for getting processed by all BeanPostProcessors (for example: not eligible for auto-proxying)
2019-05-23 14:30:24.861 [main] INFO  o.s.boot.web.embedded.tomcat.TomcatWebServer - Tomcat initialized with port(s): 9900 (http)
2019-05-23 14:30:24.872 [main] INFO  org.apache.coyote.http11.Http11NioProtocol - Initializing ProtocolHandler ["http-nio-9900"]
2019-05-23 14:30:24.882 [main] INFO  org.apache.catalina.core.StandardService - Starting service [Tomcat]
2019-05-23 14:30:24.882 [main] INFO  org.apache.catalina.core.StandardEngine - Starting Servlet engine: [Apache Tomcat/9.0.19]
2019-05-23 14:30:24.887 [main] INFO  org.apache.catalina.core.AprLifecycleListener - Loaded APR based Apache Tomcat Native library [1.2.21] using APR version [1.6.5].
2019-05-23 14:30:24.887 [main] INFO  org.apache.catalina.core.AprLifecycleListener - APR capabilities: IPv6 [true], sendfile [true], accept filters [false], random [true].
2019-05-23 14:30:24.887 [main] INFO  org.apache.catalina.core.AprLifecycleListener - APR/OpenSSL configuration: useAprConnector [false], useOpenSSL [true]
2019-05-23 14:30:24.890 [main] INFO  org.apache.catalina.core.AprLifecycleListener - OpenSSL successfully initialized [OpenSSL 1.1.1a  20 Nov 2018]
2019-05-23 14:30:24.998 [main] INFO  o.a.c.core.ContainerBase.[Tomcat].[localhost].[/] - Initializing Spring embedded WebApplicationContext
2019-05-23 14:30:24.999 [main] INFO  org.springframework.web.context.ContextLoader - Root WebApplicationContext: initialization completed in 1121 ms
2019-05-23 14:30:25.499 [main] INFO  o.s.scheduling.concurrent.ThreadPoolTaskExecutor - Initializing ExecutorService 'applicationTaskExecutor'
2019-05-23 14:30:25.744 [main] INFO  t.mybatis.mapper.autoconfigure.MapperCacheDisabler - Clear tk.mybatis.mapper.util.MsUtil CLASS_CACHE cache.
2019-05-23 14:30:25.744 [main] INFO  t.mybatis.mapper.autoconfigure.MapperCacheDisabler - Clear tk.mybatis.mapper.genid.GenIdUtil CACHE cache.
2019-05-23 14:30:25.745 [main] INFO  t.mybatis.mapper.autoconfigure.MapperCacheDisabler - Clear tk.mybatis.mapper.version.VersionUtil CACHE cache.
2019-05-23 14:30:25.745 [main] INFO  t.mybatis.mapper.autoconfigure.MapperCacheDisabler - Clear EntityHelper entityTableMap cache.
2019-05-23 14:30:25.918 [main] INFO  org.apache.coyote.http11.Http11NioProtocol - Starting ProtocolHandler ["http-nio-9900"]
2019-05-23 14:30:25.948 [main] INFO  o.s.boot.web.embedded.tomcat.TomcatWebServer - Tomcat started on port(s): 9900 (http) with context path ''
2019-05-23 14:30:25.954 [main] INFO  com.ufi.pdioms.resource.ResourceApplication - Started ResourceApplication in 2.666 seconds (JVM running for 3.404)
2019-05-23 14:30:42.294 [http-nio-9900-exec-1] INFO  o.a.c.core.ContainerBase.[Tomcat].[localhost].[/] - Initializing Spring DispatcherServlet 'dispatcherServlet'
2019-05-23 14:30:42.295 [http-nio-9900-exec-1] INFO  org.springframework.web.servlet.DispatcherServlet - Initializing Servlet 'dispatcherServlet'
2019-05-23 14:30:42.299 [http-nio-9900-exec-1] INFO  org.springframework.web.servlet.DispatcherServlet - Completed initialization in 4 ms
2019-05-23 14:33:27.375 [main] INFO  com.ufi.pdioms.resource.ResourceApplication - Starting ResourceApplication on DESKTOP-G6Q6BPH with PID 6800 (G:\WorkTest\pdioms_resource_rest\target\classes started by 18933 in G:\WorkTest\pdioms_resource_rest)
2019-05-23 14:33:27.377 [main] INFO  com.ufi.pdioms.resource.ResourceApplication - No active profile set, falling back to default profiles: default
2019-05-23 14:33:28.097 [main] INFO  o.s.d.r.config.RepositoryConfigurationDelegate - Multiple Spring Data modules found, entering strict repository configuration mode!
2019-05-23 14:33:28.099 [main] INFO  o.s.d.r.config.RepositoryConfigurationDelegate - Bootstrapping Spring Data repositories in DEFAULT mode.
2019-05-23 14:33:28.127 [main] INFO  o.s.d.r.config.RepositoryConfigurationDelegate - Finished Spring Data repository scanning in 18ms. Found 0 repository interfaces.
2019-05-23 14:33:28.336 [main] INFO  o.s.c.s.PostProcessorRegistrationDelegate$BeanPostProcessorChecker - Bean 'org.springframework.transaction.annotation.ProxyTransactionManagementConfiguration' of type [org.springframework.transaction.annotation.ProxyTransactionManagementConfiguration$$EnhancerBySpringCGLIB$$92fda9d] is not eligible for getting processed by all BeanPostProcessors (for example: not eligible for auto-proxying)
2019-05-23 14:33:28.512 [main] INFO  o.s.boot.web.embedded.tomcat.TomcatWebServer - Tomcat initialized with port(s): 9900 (http)
2019-05-23 14:33:28.522 [main] INFO  org.apache.coyote.http11.Http11NioProtocol - Initializing ProtocolHandler ["http-nio-9900"]
2019-05-23 14:33:28.531 [main] INFO  org.apache.catalina.core.StandardService - Starting service [Tomcat]
2019-05-23 14:33:28.532 [main] INFO  org.apache.catalina.core.StandardEngine - Starting Servlet engine: [Apache Tomcat/9.0.19]
2019-05-23 14:33:28.536 [main] INFO  org.apache.catalina.core.AprLifecycleListener - Loaded APR based Apache Tomcat Native library [1.2.21] using APR version [1.6.5].
2019-05-23 14:33:28.536 [main] INFO  org.apache.catalina.core.AprLifecycleListener - APR capabilities: IPv6 [true], sendfile [true], accept filters [false], random [true].
2019-05-23 14:33:28.536 [main] INFO  org.apache.catalina.core.AprLifecycleListener - APR/OpenSSL configuration: useAprConnector [false], useOpenSSL [true]
2019-05-23 14:33:28.539 [main] INFO  org.apache.catalina.core.AprLifecycleListener - OpenSSL successfully initialized [OpenSSL 1.1.1a  20 Nov 2018]
2019-05-23 14:33:28.691 [main] INFO  o.a.c.core.ContainerBase.[Tomcat].[localhost].[/] - Initializing Spring embedded WebApplicationContext
2019-05-23 14:33:28.691 [main] INFO  org.springframework.web.context.ContextLoader - Root WebApplicationContext: initialization completed in 1090 ms
2019-05-23 14:33:29.141 [main] INFO  o.s.scheduling.concurrent.ThreadPoolTaskExecutor - Initializing ExecutorService 'applicationTaskExecutor'
2019-05-23 14:33:29.378 [main] INFO  t.mybatis.mapper.autoconfigure.MapperCacheDisabler - Clear tk.mybatis.mapper.util.MsUtil CLASS_CACHE cache.
2019-05-23 14:33:29.379 [main] INFO  t.mybatis.mapper.autoconfigure.MapperCacheDisabler - Clear tk.mybatis.mapper.genid.GenIdUtil CACHE cache.
2019-05-23 14:33:29.379 [main] INFO  t.mybatis.mapper.autoconfigure.MapperCacheDisabler - Clear tk.mybatis.mapper.version.VersionUtil CACHE cache.
2019-05-23 14:33:29.379 [main] INFO  t.mybatis.mapper.autoconfigure.MapperCacheDisabler - Clear EntityHelper entityTableMap cache.
2019-05-23 14:33:29.542 [main] INFO  org.apache.coyote.http11.Http11NioProtocol - Starting ProtocolHandler ["http-nio-9900"]
2019-05-23 14:33:29.559 [main] INFO  o.s.boot.web.embedded.tomcat.TomcatWebServer - Tomcat started on port(s): 9900 (http) with context path ''
2019-05-23 14:33:29.562 [main] INFO  com.ufi.pdioms.resource.ResourceApplication - Started ResourceApplication in 2.521 seconds (JVM running for 3.284)
2019-05-23 14:33:39.170 [http-nio-9900-exec-3] INFO  o.a.c.core.ContainerBase.[Tomcat].[localhost].[/] - Initializing Spring DispatcherServlet 'dispatcherServlet'
2019-05-23 14:33:39.170 [http-nio-9900-exec-3] INFO  org.springframework.web.servlet.DispatcherServlet - Initializing Servlet 'dispatcherServlet'
2019-05-23 14:33:39.175 [http-nio-9900-exec-3] INFO  org.springframework.web.servlet.DispatcherServlet - Completed initialization in 5 ms
2019-05-23 14:33:39.335 [http-nio-9900-exec-3] INFO  c.u.p.resource.manufacturer.rest.ManufacturerRest - update manufacturer info param:{"id":null,"manufacturer":"UFI智能有限公司","remarks":"我是一只小野鸡，我是一只小星星","isDelete":0}
2019-05-23 14:33:39.340 [http-nio-9900-exec-3] INFO  com.zaxxer.hikari.HikariDataSource - HikariPool-1 - Starting...
2019-05-23 14:33:39.524 [http-nio-9900-exec-3] INFO  com.zaxxer.hikari.HikariDataSource - HikariPool-1 - Start completed.
2019-05-23 14:45:27.058 [main] INFO  com.ufi.pdioms.resource.ResourceApplication - Starting ResourceApplication on DESKTOP-G6Q6BPH with PID 19228 (G:\WorkTest\pdioms_resource_rest\target\classes started by 18933 in G:\WorkTest\pdioms_resource_rest)
2019-05-23 14:45:27.060 [main] INFO  com.ufi.pdioms.resource.ResourceApplication - No active profile set, falling back to default profiles: default
2019-05-23 14:45:27.714 [main] INFO  o.s.d.r.config.RepositoryConfigurationDelegate - Multiple Spring Data modules found, entering strict repository configuration mode!
2019-05-23 14:45:27.716 [main] INFO  o.s.d.r.config.RepositoryConfigurationDelegate - Bootstrapping Spring Data repositories in DEFAULT mode.
2019-05-23 14:45:27.743 [main] INFO  o.s.d.r.config.RepositoryConfigurationDelegate - Finished Spring Data repository scanning in 17ms. Found 0 repository interfaces.
2019-05-23 14:45:27.944 [main] INFO  o.s.c.s.PostProcessorRegistrationDelegate$BeanPostProcessorChecker - Bean 'org.springframework.transaction.annotation.ProxyTransactionManagementConfiguration' of type [org.springframework.transaction.annotation.ProxyTransactionManagementConfiguration$$EnhancerBySpringCGLIB$$c93d7770] is not eligible for getting processed by all BeanPostProcessors (for example: not eligible for auto-proxying)
2019-05-23 14:45:28.117 [main] INFO  o.s.boot.web.embedded.tomcat.TomcatWebServer - Tomcat initialized with port(s): 9900 (http)
2019-05-23 14:45:28.128 [main] INFO  org.apache.coyote.http11.Http11NioProtocol - Initializing ProtocolHandler ["http-nio-9900"]
2019-05-23 14:45:28.137 [main] INFO  org.apache.catalina.core.StandardService - Starting service [Tomcat]
2019-05-23 14:45:28.137 [main] INFO  org.apache.catalina.core.StandardEngine - Starting Servlet engine: [Apache Tomcat/9.0.19]
2019-05-23 14:45:28.141 [main] INFO  org.apache.catalina.core.AprLifecycleListener - Loaded APR based Apache Tomcat Native library [1.2.21] using APR version [1.6.5].
2019-05-23 14:45:28.142 [main] INFO  org.apache.catalina.core.AprLifecycleListener - APR capabilities: IPv6 [true], sendfile [true], accept filters [false], random [true].
2019-05-23 14:45:28.142 [main] INFO  org.apache.catalina.core.AprLifecycleListener - APR/OpenSSL configuration: useAprConnector [false], useOpenSSL [true]
2019-05-23 14:45:28.144 [main] INFO  org.apache.catalina.core.AprLifecycleListener - OpenSSL successfully initialized [OpenSSL 1.1.1a  20 Nov 2018]
2019-05-23 14:45:28.296 [main] INFO  o.a.c.core.ContainerBase.[Tomcat].[localhost].[/] - Initializing Spring embedded WebApplicationContext
2019-05-23 14:45:28.296 [main] INFO  org.springframework.web.context.ContextLoader - Root WebApplicationContext: initialization completed in 1057 ms
2019-05-23 14:45:28.737 [main] INFO  o.s.scheduling.concurrent.ThreadPoolTaskExecutor - Initializing ExecutorService 'applicationTaskExecutor'
2019-05-23 14:45:28.959 [main] INFO  t.mybatis.mapper.autoconfigure.MapperCacheDisabler - Clear tk.mybatis.mapper.util.MsUtil CLASS_CACHE cache.
2019-05-23 14:45:28.959 [main] INFO  t.mybatis.mapper.autoconfigure.MapperCacheDisabler - Clear tk.mybatis.mapper.genid.GenIdUtil CACHE cache.
2019-05-23 14:45:28.960 [main] INFO  t.mybatis.mapper.autoconfigure.MapperCacheDisabler - Clear tk.mybatis.mapper.version.VersionUtil CACHE cache.
2019-05-23 14:45:28.960 [main] INFO  t.mybatis.mapper.autoconfigure.MapperCacheDisabler - Clear EntityHelper entityTableMap cache.
2019-05-23 14:45:29.110 [main] INFO  org.apache.coyote.http11.Http11NioProtocol - Starting ProtocolHandler ["http-nio-9900"]
2019-05-23 14:45:29.127 [main] INFO  o.s.boot.web.embedded.tomcat.TomcatWebServer - Tomcat started on port(s): 9900 (http) with context path ''
2019-05-23 14:45:29.130 [main] INFO  com.ufi.pdioms.resource.ResourceApplication - Started ResourceApplication in 2.386 seconds (JVM running for 3.095)
2019-05-23 14:45:42.321 [http-nio-9900-exec-1] INFO  o.a.c.core.ContainerBase.[Tomcat].[localhost].[/] - Initializing Spring DispatcherServlet 'dispatcherServlet'
2019-05-23 14:45:42.322 [http-nio-9900-exec-1] INFO  org.springframework.web.servlet.DispatcherServlet - Initializing Servlet 'dispatcherServlet'
2019-05-23 14:45:42.327 [http-nio-9900-exec-1] INFO  org.springframework.web.servlet.DispatcherServlet - Completed initialization in 5 ms
2019-05-23 14:45:42.429 [http-nio-9900-exec-1] INFO  c.u.p.resource.manufacturer.rest.ManufacturerRest - update manufacturer info param:{"id":null,"manufacturer":"UFI智能有限公司","remarks":"我是一只小野鸡，我是一只小星星","isDelete":0}
2019-05-23 14:45:42.434 [http-nio-9900-exec-1] INFO  com.zaxxer.hikari.HikariDataSource - HikariPool-1 - Starting...
2019-05-23 14:45:42.534 [http-nio-9900-exec-1] INFO  com.zaxxer.hikari.HikariDataSource - HikariPool-1 - Start completed.
2019-05-23 14:45:57.281 [http-nio-9900-exec-7] INFO  c.u.p.resource.manufacturer.rest.ManufacturerRest - update manufacturer info param:{"id":null,"manufacturer":"UFI智能开发有限公司","remarks":"我是一只小野鸡，我是一只小星星","isDelete":0}
2019-05-23 15:01:07.195 [main] INFO  com.ufi.pdioms.resource.ResourceApplication - Starting ResourceApplication on DESKTOP-G6Q6BPH with PID 3948 (G:\WorkTest\pdioms_resource_rest\target\classes started by 18933 in G:\WorkTest\pdioms_resource_rest)
2019-05-23 15:01:07.198 [main] INFO  com.ufi.pdioms.resource.ResourceApplication - No active profile set, falling back to default profiles: default
2019-05-23 15:01:43.668 [main] INFO  com.ufi.pdioms.resource.ResourceApplication - Starting ResourceApplication on DESKTOP-G6Q6BPH with PID 7480 (G:\WorkTest\pdioms_resource_rest\target\classes started by 18933 in G:\WorkTest\pdioms_resource_rest)
2019-05-23 15:01:43.670 [main] INFO  com.ufi.pdioms.resource.ResourceApplication - No active profile set, falling back to default profiles: default
2019-05-23 15:01:52.544 [main] INFO  com.ufi.pdioms.resource.ResourceApplication - Starting ResourceApplication on DESKTOP-G6Q6BPH with PID 6440 (G:\WorkTest\pdioms_resource_rest\target\classes started by 18933 in G:\WorkTest\pdioms_resource_rest)
2019-05-23 15:01:52.547 [main] INFO  com.ufi.pdioms.resource.ResourceApplication - No active profile set, falling back to default profiles: default
2019-05-23 15:35:21.695 [main] INFO  com.ufi.pdioms.resource.ResourceApplication - Starting ResourceApplication on DESKTOP-G6Q6BPH with PID 20172 (G:\WorkTest\pdioms_resource_rest\target\classes started by 18933 in G:\WorkTest\pdioms_resource_rest)
2019-05-23 15:35:21.717 [main] INFO  com.ufi.pdioms.resource.ResourceApplication - No active profile set, falling back to default profiles: default
2019-05-23 15:35:22.770 [main] INFO  o.s.d.r.config.RepositoryConfigurationDelegate - Multiple Spring Data modules found, entering strict repository configuration mode!
2019-05-23 15:35:22.792 [main] INFO  o.s.d.r.config.RepositoryConfigurationDelegate - Bootstrapping Spring Data repositories in DEFAULT mode.
2019-05-23 15:35:22.853 [main] INFO  o.s.d.r.config.RepositoryConfigurationDelegate - Finished Spring Data repository scanning in 23ms. Found 0 repository interfaces.
2019-05-23 15:35:23.097 [main] INFO  o.s.c.s.PostProcessorRegistrationDelegate$BeanPostProcessorChecker - Bean 'org.springframework.transaction.annotation.ProxyTransactionManagementConfiguration' of type [org.springframework.transaction.annotation.ProxyTransactionManagementConfiguration$$EnhancerBySpringCGLIB$$7c4c96d1] is not eligible for getting processed by all BeanPostProcessors (for example: not eligible for auto-proxying)
2019-05-23 15:35:23.296 [main] INFO  o.s.boot.web.embedded.tomcat.TomcatWebServer - Tomcat initialized with port(s): 9900 (http)
2019-05-23 15:35:23.308 [main] INFO  org.apache.coyote.http11.Http11NioProtocol - Initializing ProtocolHandler ["http-nio-9900"]
2019-05-23 15:35:23.319 [main] INFO  org.apache.catalina.core.StandardService - Starting service [Tomcat]
2019-05-23 15:35:23.319 [main] INFO  org.apache.catalina.core.StandardEngine - Starting Servlet engine: [Apache Tomcat/9.0.19]
2019-05-23 15:35:23.324 [main] INFO  org.apache.catalina.core.AprLifecycleListener - Loaded APR based Apache Tomcat Native library [1.2.21] using APR version [1.6.5].
2019-05-23 15:35:23.324 [main] INFO  org.apache.catalina.core.AprLifecycleListener - APR capabilities: IPv6 [true], sendfile [true], accept filters [false], random [true].
2019-05-23 15:35:23.325 [main] INFO  org.apache.catalina.core.AprLifecycleListener - APR/OpenSSL configuration: useAprConnector [false], useOpenSSL [true]
2019-05-23 15:35:23.327 [main] INFO  org.apache.catalina.core.AprLifecycleListener - OpenSSL successfully initialized [OpenSSL 1.1.1a  20 Nov 2018]
2019-05-23 15:35:23.489 [main] INFO  o.a.c.core.ContainerBase.[Tomcat].[localhost].[/] - Initializing Spring embedded WebApplicationContext
2019-05-23 15:35:23.489 [main] INFO  org.springframework.web.context.ContextLoader - Root WebApplicationContext: initialization completed in 1529 ms
2019-05-23 15:35:25.587 [main] INFO  o.s.scheduling.concurrent.ThreadPoolTaskExecutor - Initializing ExecutorService 'applicationTaskExecutor'
2019-05-23 15:35:25.831 [main] INFO  t.mybatis.mapper.autoconfigure.MapperCacheDisabler - Clear tk.mybatis.mapper.util.MsUtil CLASS_CACHE cache.
2019-05-23 15:35:25.832 [main] INFO  t.mybatis.mapper.autoconfigure.MapperCacheDisabler - Clear tk.mybatis.mapper.genid.GenIdUtil CACHE cache.
2019-05-23 15:35:25.832 [main] INFO  t.mybatis.mapper.autoconfigure.MapperCacheDisabler - Clear tk.mybatis.mapper.version.VersionUtil CACHE cache.
2019-05-23 15:35:25.832 [main] INFO  t.mybatis.mapper.autoconfigure.MapperCacheDisabler - Clear EntityHelper entityTableMap cache.
2019-05-23 15:35:26.306 [main] INFO  org.apache.coyote.http11.Http11NioProtocol - Starting ProtocolHandler ["http-nio-9900"]
2019-05-23 15:35:26.323 [main] INFO  o.s.boot.web.embedded.tomcat.TomcatWebServer - Tomcat started on port(s): 9900 (http) with context path ''
2019-05-23 15:35:26.326 [main] INFO  com.ufi.pdioms.resource.ResourceApplication - Started ResourceApplication in 5.066 seconds (JVM running for 5.991)
2019-05-23 15:37:41.316 [http-nio-9900-exec-2] INFO  o.a.c.core.ContainerBase.[Tomcat].[localhost].[/] - Initializing Spring DispatcherServlet 'dispatcherServlet'
2019-05-23 15:37:41.317 [http-nio-9900-exec-2] INFO  org.springframework.web.servlet.DispatcherServlet - Initializing Servlet 'dispatcherServlet'
2019-05-23 15:37:41.341 [http-nio-9900-exec-2] INFO  org.springframework.web.servlet.DispatcherServlet - Completed initialization in 24 ms
2019-05-23 15:37:42.117 [http-nio-9900-exec-2] INFO  com.ufi.pdioms.resource.battery.rest.BatteryRest - new battery info param:{"id":null,"number":"123456","sn":"123abc","rfid":"456def","department":"技术部","supplier":"DJI","manufacturer":"DJI","status":0,"isDelete":0}
2019-05-23 15:37:42.204 [http-nio-9900-exec-2] INFO  com.zaxxer.hikari.HikariDataSource - HikariPool-1 - Starting...
2019-05-23 15:37:44.514 [http-nio-9900-exec-2] INFO  com.zaxxer.hikari.HikariDataSource - HikariPool-1 - Start completed.
2019-05-23 15:40:21.183 [http-nio-9900-exec-8] INFO  com.ufi.pdioms.resource.battery.rest.BatteryRest - new battery info param:{"id":null,"number":"456789","sn":"456ppoe","rfid":"987uued","department":"技术部","supplier":"DJI","manufacturer":"DJI","status":1,"isDelete":0}
2019-05-23 15:41:38.474 [main] INFO  com.ufi.pdioms.resource.ResourceApplication - Starting ResourceApplication on DESKTOP-G6Q6BPH with PID 10920 (G:\WorkTest\pdioms_resource_rest\target\classes started by 18933 in G:\WorkTest\pdioms_resource_rest)
2019-05-23 15:41:38.477 [main] INFO  com.ufi.pdioms.resource.ResourceApplication - No active profile set, falling back to default profiles: default
2019-05-23 15:41:39.291 [main] INFO  o.s.d.r.config.RepositoryConfigurationDelegate - Multiple Spring Data modules found, entering strict repository configuration mode!
2019-05-23 15:41:39.293 [main] INFO  o.s.d.r.config.RepositoryConfigurationDelegate - Bootstrapping Spring Data repositories in DEFAULT mode.
2019-05-23 15:41:39.325 [main] INFO  o.s.d.r.config.RepositoryConfigurationDelegate - Finished Spring Data repository scanning in 20ms. Found 0 repository interfaces.
2019-05-23 15:41:39.574 [main] INFO  o.s.c.s.PostProcessorRegistrationDelegate$BeanPostProcessorChecker - Bean 'org.springframework.transaction.annotation.ProxyTransactionManagementConfiguration' of type [org.springframework.transaction.annotation.ProxyTransactionManagementConfiguration$$EnhancerBySpringCGLIB$$38de5a24] is not eligible for getting processed by all BeanPostProcessors (for example: not eligible for auto-proxying)
2019-05-23 15:41:39.782 [main] INFO  o.s.boot.web.embedded.tomcat.TomcatWebServer - Tomcat initialized with port(s): 9900 (http)
2019-05-23 15:41:39.796 [main] INFO  org.apache.coyote.http11.Http11NioProtocol - Initializing ProtocolHandler ["http-nio-9900"]
2019-05-23 15:41:39.806 [main] INFO  org.apache.catalina.core.StandardService - Starting service [Tomcat]
2019-05-23 15:41:39.807 [main] INFO  org.apache.catalina.core.StandardEngine - Starting Servlet engine: [Apache Tomcat/9.0.19]
2019-05-23 15:41:39.869 [main] INFO  org.apache.catalina.core.AprLifecycleListener - Loaded APR based Apache Tomcat Native library [1.2.21] using APR version [1.6.5].
2019-05-23 15:41:39.869 [main] INFO  org.apache.catalina.core.AprLifecycleListener - APR capabilities: IPv6 [true], sendfile [true], accept filters [false], random [true].
2019-05-23 15:41:39.869 [main] INFO  org.apache.catalina.core.AprLifecycleListener - APR/OpenSSL configuration: useAprConnector [false], useOpenSSL [true]
2019-05-23 15:41:39.873 [main] INFO  org.apache.catalina.core.AprLifecycleListener - OpenSSL successfully initialized [OpenSSL 1.1.1a  20 Nov 2018]
2019-05-23 15:41:39.980 [main] INFO  o.a.c.core.ContainerBase.[Tomcat].[localhost].[/] - Initializing Spring embedded WebApplicationContext
2019-05-23 15:41:39.980 [main] INFO  org.springframework.web.context.ContextLoader - Root WebApplicationContext: initialization completed in 1251 ms
2019-05-23 15:41:40.579 [main] INFO  o.s.scheduling.concurrent.ThreadPoolTaskExecutor - Initializing ExecutorService 'applicationTaskExecutor'
2019-05-23 15:41:40.857 [main] INFO  t.mybatis.mapper.autoconfigure.MapperCacheDisabler - Clear tk.mybatis.mapper.util.MsUtil CLASS_CACHE cache.
2019-05-23 15:41:40.857 [main] INFO  t.mybatis.mapper.autoconfigure.MapperCacheDisabler - Clear tk.mybatis.mapper.genid.GenIdUtil CACHE cache.
2019-05-23 15:41:40.858 [main] INFO  t.mybatis.mapper.autoconfigure.MapperCacheDisabler - Clear tk.mybatis.mapper.version.VersionUtil CACHE cache.
2019-05-23 15:41:40.858 [main] INFO  t.mybatis.mapper.autoconfigure.MapperCacheDisabler - Clear EntityHelper entityTableMap cache.
2019-05-23 15:41:41.058 [main] INFO  org.apache.coyote.http11.Http11NioProtocol - Starting ProtocolHandler ["http-nio-9900"]
2019-05-23 15:41:41.079 [main] INFO  o.s.boot.web.embedded.tomcat.TomcatWebServer - Tomcat started on port(s): 9900 (http) with context path ''
2019-05-23 15:41:41.082 [main] INFO  com.ufi.pdioms.resource.ResourceApplication - Started ResourceApplication in 2.995 seconds (JVM running for 4.015)
2019-05-23 15:42:06.131 [http-nio-9900-exec-1] INFO  o.a.c.core.ContainerBase.[Tomcat].[localhost].[/] - Initializing Spring DispatcherServlet 'dispatcherServlet'
2019-05-23 15:42:06.131 [http-nio-9900-exec-1] INFO  org.springframework.web.servlet.DispatcherServlet - Initializing Servlet 'dispatcherServlet'
2019-05-23 15:42:06.137 [http-nio-9900-exec-1] INFO  org.springframework.web.servlet.DispatcherServlet - Completed initialization in 6 ms
2019-05-23 15:42:06.265 [http-nio-9900-exec-1] INFO  com.ufi.pdioms.resource.battery.rest.BatteryRest - new battery info param:{"id":null,"number":"321456","sn":"456ppoe","rfid":"987uued","department":"技术部","supplier":"DJI","manufacturer":"DJI","status":0,"isDelete":0}
2019-05-23 15:42:06.272 [http-nio-9900-exec-1] INFO  com.zaxxer.hikari.HikariDataSource - HikariPool-1 - Starting...
2019-05-23 15:42:06.388 [http-nio-9900-exec-1] INFO  com.zaxxer.hikari.HikariDataSource - HikariPool-1 - Start completed.
2019-05-23 15:43:49.023 [http-nio-9900-exec-3] INFO  com.ufi.pdioms.resource.battery.rest.BatteryRest - new battery info param:{"id":null,"number":"321456","sn":"456ppoe","rfid":"987uued","department":"技术部","supplier":"DJI","manufacturer":"DJI","status":1,"isDelete":0}
2019-05-23 15:47:45.896 [main] INFO  com.ufi.pdioms.resource.ResourceApplication - Starting ResourceApplication on DESKTOP-G6Q6BPH with PID 18668 (G:\WorkTest\pdioms_resource_rest\target\classes started by 18933 in G:\WorkTest\pdioms_resource_rest)
2019-05-23 15:47:45.898 [main] INFO  com.ufi.pdioms.resource.ResourceApplication - No active profile set, falling back to default profiles: default
2019-05-23 15:47:46.670 [main] INFO  o.s.d.r.config.RepositoryConfigurationDelegate - Multiple Spring Data modules found, entering strict repository configuration mode!
2019-05-23 15:47:46.672 [main] INFO  o.s.d.r.config.RepositoryConfigurationDelegate - Bootstrapping Spring Data repositories in DEFAULT mode.
2019-05-23 15:47:46.707 [main] INFO  o.s.d.r.config.RepositoryConfigurationDelegate - Finished Spring Data repository scanning in 21ms. Found 0 repository interfaces.
2019-05-23 15:47:46.927 [main] INFO  o.s.c.s.PostProcessorRegistrationDelegate$BeanPostProcessorChecker - Bean 'org.springframework.transaction.annotation.ProxyTransactionManagementConfiguration' of type [org.springframework.transaction.annotation.ProxyTransactionManagementConfiguration$$EnhancerBySpringCGLIB$$187ec860] is not eligible for getting processed by all BeanPostProcessors (for example: not eligible for auto-proxying)
2019-05-23 15:47:47.117 [main] INFO  o.s.boot.web.embedded.tomcat.TomcatWebServer - Tomcat initialized with port(s): 9900 (http)
2019-05-23 15:47:47.129 [main] INFO  org.apache.coyote.http11.Http11NioProtocol - Initializing ProtocolHandler ["http-nio-9900"]
2019-05-23 15:47:47.138 [main] INFO  org.apache.catalina.core.StandardService - Starting service [Tomcat]
2019-05-23 15:47:47.139 [main] INFO  org.apache.catalina.core.StandardEngine - Starting Servlet engine: [Apache Tomcat/9.0.19]
2019-05-23 15:47:47.144 [main] INFO  org.apache.catalina.core.AprLifecycleListener - Loaded APR based Apache Tomcat Native library [1.2.21] using APR version [1.6.5].
2019-05-23 15:47:47.144 [main] INFO  org.apache.catalina.core.AprLifecycleListener - APR capabilities: IPv6 [true], sendfile [true], accept filters [false], random [true].
2019-05-23 15:47:47.144 [main] INFO  org.apache.catalina.core.AprLifecycleListener - APR/OpenSSL configuration: useAprConnector [false], useOpenSSL [true]
2019-05-23 15:47:47.146 [main] INFO  org.apache.catalina.core.AprLifecycleListener - OpenSSL successfully initialized [OpenSSL 1.1.1a  20 Nov 2018]
2019-05-23 15:47:47.302 [main] INFO  o.a.c.core.ContainerBase.[Tomcat].[localhost].[/] - Initializing Spring embedded WebApplicationContext
2019-05-23 15:47:47.302 [main] INFO  org.springframework.web.context.ContextLoader - Root WebApplicationContext: initialization completed in 1195 ms
2019-05-23 15:47:47.803 [main] INFO  o.s.scheduling.concurrent.ThreadPoolTaskExecutor - Initializing ExecutorService 'applicationTaskExecutor'
2019-05-23 15:47:48.037 [main] INFO  t.mybatis.mapper.autoconfigure.MapperCacheDisabler - Clear tk.mybatis.mapper.util.MsUtil CLASS_CACHE cache.
2019-05-23 15:47:48.037 [main] INFO  t.mybatis.mapper.autoconfigure.MapperCacheDisabler - Clear tk.mybatis.mapper.genid.GenIdUtil CACHE cache.
2019-05-23 15:47:48.037 [main] INFO  t.mybatis.mapper.autoconfigure.MapperCacheDisabler - Clear tk.mybatis.mapper.version.VersionUtil CACHE cache.
2019-05-23 15:47:48.037 [main] INFO  t.mybatis.mapper.autoconfigure.MapperCacheDisabler - Clear EntityHelper entityTableMap cache.
2019-05-23 15:47:48.217 [main] INFO  org.apache.coyote.http11.Http11NioProtocol - Starting ProtocolHandler ["http-nio-9900"]
2019-05-23 15:47:48.236 [main] INFO  o.s.boot.web.embedded.tomcat.TomcatWebServer - Tomcat started on port(s): 9900 (http) with context path ''
2019-05-23 15:47:48.239 [main] INFO  com.ufi.pdioms.resource.ResourceApplication - Started ResourceApplication in 2.708 seconds (JVM running for 3.528)
2019-05-23 15:47:59.408 [http-nio-9900-exec-3] INFO  o.a.c.core.ContainerBase.[Tomcat].[localhost].[/] - Initializing Spring DispatcherServlet 'dispatcherServlet'
2019-05-23 15:47:59.408 [http-nio-9900-exec-3] INFO  org.springframework.web.servlet.DispatcherServlet - Initializing Servlet 'dispatcherServlet'
2019-05-23 15:47:59.415 [http-nio-9900-exec-3] INFO  org.springframework.web.servlet.DispatcherServlet - Completed initialization in 7 ms
2019-05-23 15:47:59.659 [http-nio-9900-exec-3] INFO  com.ufi.pdioms.resource.battery.rest.BatteryRest - new battery info param:{"id":null,"number":"321456","sn":"456ppoe","rfid":"987uued","department":"技术部","supplier":"DJI","manufacturer":"DJI","status":1,"isDelete":0}
2019-05-23 15:47:59.667 [http-nio-9900-exec-3] INFO  com.zaxxer.hikari.HikariDataSource - HikariPool-1 - Starting...
2019-05-23 15:47:59.776 [http-nio-9900-exec-3] INFO  com.zaxxer.hikari.HikariDataSource - HikariPool-1 - Start completed.
2019-05-23 15:48:14.797 [http-nio-9900-exec-2] INFO  com.ufi.pdioms.resource.battery.rest.BatteryRest - new battery info param:{"id":null,"number":"321456","sn":"456ppoe","rfid":"987uued","department":"技术部","supplier":"DJI","manufacturer":"DJI","status":0,"isDelete":0}
2019-05-23 15:48:54.155 [main] INFO  com.ufi.pdioms.resource.ResourceApplication - Starting ResourceApplication on DESKTOP-G6Q6BPH with PID 21636 (G:\WorkTest\pdioms_resource_rest\target\classes started by 18933 in G:\WorkTest\pdioms_resource_rest)
2019-05-23 15:48:54.156 [main] INFO  com.ufi.pdioms.resource.ResourceApplication - No active profile set, falling back to default profiles: default
2019-05-23 15:48:55.054 [main] INFO  o.s.d.r.config.RepositoryConfigurationDelegate - Multiple Spring Data modules found, entering strict repository configuration mode!
2019-05-23 15:48:55.056 [main] INFO  o.s.d.r.config.RepositoryConfigurationDelegate - Bootstrapping Spring Data repositories in DEFAULT mode.
2019-05-23 15:48:55.087 [main] INFO  o.s.d.r.config.RepositoryConfigurationDelegate - Finished Spring Data repository scanning in 20ms. Found 0 repository interfaces.
2019-05-23 15:48:55.307 [main] INFO  o.s.c.s.PostProcessorRegistrationDelegate$BeanPostProcessorChecker - Bean 'org.springframework.transaction.annotation.ProxyTransactionManagementConfiguration' of type [org.springframework.transaction.annotation.ProxyTransactionManagementConfiguration$$EnhancerBySpringCGLIB$$3de14ad3] is not eligible for getting processed by all BeanPostProcessors (for example: not eligible for auto-proxying)
2019-05-23 15:48:55.503 [main] INFO  o.s.boot.web.embedded.tomcat.TomcatWebServer - Tomcat initialized with port(s): 9900 (http)
2019-05-23 15:48:55.515 [main] INFO  org.apache.coyote.http11.Http11NioProtocol - Initializing ProtocolHandler ["http-nio-9900"]
2019-05-23 15:48:55.525 [main] INFO  org.apache.catalina.core.StandardService - Starting service [Tomcat]
2019-05-23 15:48:55.526 [main] INFO  org.apache.catalina.core.StandardEngine - Starting Servlet engine: [Apache Tomcat/9.0.19]
2019-05-23 15:48:55.532 [main] INFO  org.apache.catalina.core.AprLifecycleListener - Loaded APR based Apache Tomcat Native library [1.2.21] using APR version [1.6.5].
2019-05-23 15:48:55.533 [main] INFO  org.apache.catalina.core.AprLifecycleListener - APR capabilities: IPv6 [true], sendfile [true], accept filters [false], random [true].
2019-05-23 15:48:55.533 [main] INFO  org.apache.catalina.core.AprLifecycleListener - APR/OpenSSL configuration: useAprConnector [false], useOpenSSL [true]
2019-05-23 15:48:55.538 [main] INFO  org.apache.catalina.core.AprLifecycleListener - OpenSSL successfully initialized [OpenSSL 1.1.1a  20 Nov 2018]
2019-05-23 15:48:55.708 [main] INFO  o.a.c.core.ContainerBase.[Tomcat].[localhost].[/] - Initializing Spring embedded WebApplicationContext
2019-05-23 15:48:55.708 [main] INFO  org.springframework.web.context.ContextLoader - Root WebApplicationContext: initialization completed in 1285 ms
2019-05-23 15:48:56.266 [main] INFO  o.s.scheduling.concurrent.ThreadPoolTaskExecutor - Initializing ExecutorService 'applicationTaskExecutor'
2019-05-23 15:48:56.526 [main] INFO  t.mybatis.mapper.autoconfigure.MapperCacheDisabler - Clear tk.mybatis.mapper.util.MsUtil CLASS_CACHE cache.
2019-05-23 15:48:56.526 [main] INFO  t.mybatis.mapper.autoconfigure.MapperCacheDisabler - Clear tk.mybatis.mapper.genid.GenIdUtil CACHE cache.
2019-05-23 15:48:56.527 [main] INFO  t.mybatis.mapper.autoconfigure.MapperCacheDisabler - Clear tk.mybatis.mapper.version.VersionUtil CACHE cache.
2019-05-23 15:48:56.527 [main] INFO  t.mybatis.mapper.autoconfigure.MapperCacheDisabler - Clear EntityHelper entityTableMap cache.
2019-05-23 15:48:56.689 [main] INFO  org.apache.coyote.http11.Http11NioProtocol - Starting ProtocolHandler ["http-nio-9900"]
2019-05-23 15:48:56.707 [main] INFO  o.s.boot.web.embedded.tomcat.TomcatWebServer - Tomcat started on port(s): 9900 (http) with context path ''
2019-05-23 15:48:56.710 [main] INFO  com.ufi.pdioms.resource.ResourceApplication - Started ResourceApplication in 2.93 seconds (JVM running for 3.732)
2019-05-23 15:49:04.182 [http-nio-9900-exec-2] INFO  o.a.c.core.ContainerBase.[Tomcat].[localhost].[/] - Initializing Spring DispatcherServlet 'dispatcherServlet'
2019-05-23 15:49:04.182 [http-nio-9900-exec-2] INFO  org.springframework.web.servlet.DispatcherServlet - Initializing Servlet 'dispatcherServlet'
2019-05-23 15:49:04.188 [http-nio-9900-exec-2] INFO  org.springframework.web.servlet.DispatcherServlet - Completed initialization in 6 ms
2019-05-23 15:49:04.293 [http-nio-9900-exec-2] INFO  com.ufi.pdioms.resource.battery.rest.BatteryRest - new battery info param:{"id":null,"number":"987456","sn":"456ppoe","rfid":"987uued","department":"技术部","supplier":"DJI","manufacturer":"DJI","status":0,"isDelete":0}
2019-05-23 15:49:04.298 [http-nio-9900-exec-2] INFO  com.zaxxer.hikari.HikariDataSource - HikariPool-1 - Starting...
2019-05-23 15:49:04.393 [http-nio-9900-exec-2] INFO  com.zaxxer.hikari.HikariDataSource - HikariPool-1 - Start completed.
2019-05-23 16:08:15.604 [main] INFO  com.ufi.pdioms.resource.ResourceApplication - Starting ResourceApplication on DESKTOP-G6Q6BPH with PID 7516 (G:\WorkTest\pdioms_resource_rest\target\classes started by 18933 in G:\WorkTest\pdioms_resource_rest)
2019-05-23 16:08:15.606 [main] INFO  com.ufi.pdioms.resource.ResourceApplication - No active profile set, falling back to default profiles: default
2019-05-23 16:08:16.311 [main] INFO  o.s.d.r.config.RepositoryConfigurationDelegate - Multiple Spring Data modules found, entering strict repository configuration mode!
2019-05-23 16:08:16.313 [main] INFO  o.s.d.r.config.RepositoryConfigurationDelegate - Bootstrapping Spring Data repositories in DEFAULT mode.
2019-05-23 16:08:16.350 [main] INFO  o.s.d.r.config.RepositoryConfigurationDelegate - Finished Spring Data repository scanning in 25ms. Found 0 repository interfaces.
2019-05-23 16:08:16.610 [main] INFO  o.s.c.s.PostProcessorRegistrationDelegate$BeanPostProcessorChecker - Bean 'org.springframework.transaction.annotation.ProxyTransactionManagementConfiguration' of type [org.springframework.transaction.annotation.ProxyTransactionManagementConfiguration$$EnhancerBySpringCGLIB$$eb041e5e] is not eligible for getting processed by all BeanPostProcessors (for example: not eligible for auto-proxying)
2019-05-23 16:08:16.835 [main] INFO  o.s.boot.web.embedded.tomcat.TomcatWebServer - Tomcat initialized with port(s): 9900 (http)
2019-05-23 16:08:16.847 [main] INFO  org.apache.coyote.http11.Http11NioProtocol - Initializing ProtocolHandler ["http-nio-9900"]
2019-05-23 16:08:16.858 [main] INFO  org.apache.catalina.core.StandardService - Starting service [Tomcat]
2019-05-23 16:08:16.858 [main] INFO  org.apache.catalina.core.StandardEngine - Starting Servlet engine: [Apache Tomcat/9.0.19]
2019-05-23 16:08:16.864 [main] INFO  org.apache.catalina.core.AprLifecycleListener - Loaded APR based Apache Tomcat Native library [1.2.21] using APR version [1.6.5].
2019-05-23 16:08:16.864 [main] INFO  org.apache.catalina.core.AprLifecycleListener - APR capabilities: IPv6 [true], sendfile [true], accept filters [false], random [true].
2019-05-23 16:08:16.864 [main] INFO  org.apache.catalina.core.AprLifecycleListener - APR/OpenSSL configuration: useAprConnector [false], useOpenSSL [true]
2019-05-23 16:08:16.867 [main] INFO  org.apache.catalina.core.AprLifecycleListener - OpenSSL successfully initialized [OpenSSL 1.1.1a  20 Nov 2018]
2019-05-23 16:08:17.030 [main] INFO  o.a.c.core.ContainerBase.[Tomcat].[localhost].[/] - Initializing Spring embedded WebApplicationContext
2019-05-23 16:08:17.030 [main] INFO  org.springframework.web.context.ContextLoader - Root WebApplicationContext: initialization completed in 1255 ms
2019-05-23 16:08:17.544 [main] INFO  o.s.scheduling.concurrent.ThreadPoolTaskExecutor - Initializing ExecutorService 'applicationTaskExecutor'
2019-05-23 16:08:17.779 [main] INFO  t.mybatis.mapper.autoconfigure.MapperCacheDisabler - Clear tk.mybatis.mapper.util.MsUtil CLASS_CACHE cache.
2019-05-23 16:08:17.779 [main] INFO  t.mybatis.mapper.autoconfigure.MapperCacheDisabler - Clear tk.mybatis.mapper.genid.GenIdUtil CACHE cache.
2019-05-23 16:08:17.779 [main] INFO  t.mybatis.mapper.autoconfigure.MapperCacheDisabler - Clear tk.mybatis.mapper.version.VersionUtil CACHE cache.
2019-05-23 16:08:17.779 [main] INFO  t.mybatis.mapper.autoconfigure.MapperCacheDisabler - Clear EntityHelper entityTableMap cache.
2019-05-23 16:08:17.933 [main] INFO  org.apache.coyote.http11.Http11NioProtocol - Starting ProtocolHandler ["http-nio-9900"]
2019-05-23 16:08:17.956 [main] INFO  o.s.boot.web.embedded.tomcat.TomcatWebServer - Tomcat started on port(s): 9900 (http) with context path ''
2019-05-23 16:08:17.959 [main] INFO  com.ufi.pdioms.resource.ResourceApplication - Started ResourceApplication in 2.625 seconds (JVM running for 3.342)
2019-05-23 16:08:22.227 [http-nio-9900-exec-2] INFO  o.a.c.core.ContainerBase.[Tomcat].[localhost].[/] - Initializing Spring DispatcherServlet 'dispatcherServlet'
2019-05-23 16:08:22.227 [http-nio-9900-exec-2] INFO  org.springframework.web.servlet.DispatcherServlet - Initializing Servlet 'dispatcherServlet'
2019-05-23 16:08:22.232 [http-nio-9900-exec-2] INFO  org.springframework.web.servlet.DispatcherServlet - Completed initialization in 5 ms
2019-05-23 16:08:22.349 [http-nio-9900-exec-2] INFO  com.ufi.pdioms.resource.battery.rest.BatteryRest - new battery info param:{"id":null,"number":"987456","model":"御Maic2电池","sn":"456ppoe","rfid":"987uued","department":"技术部","supplier":"DJI","manufacturer":"DJI","status":0,"isDelete":0}
2019-05-23 16:08:22.359 [http-nio-9900-exec-2] INFO  com.zaxxer.hikari.HikariDataSource - HikariPool-1 - Starting...
2019-05-23 16:08:22.498 [http-nio-9900-exec-2] INFO  com.zaxxer.hikari.HikariDataSource - HikariPool-1 - Start completed.
2019-05-23 16:08:50.873 [http-nio-9900-exec-6] INFO  com.ufi.pdioms.resource.battery.rest.BatteryRest - new battery info param:{"id":null,"number":"987456","model":"御Maic2电池","sn":"456ppoe","rfid":"987uued","department":"技术部","supplier":"DJI","manufacturer":"DJI","status":0,"isDelete":0}
2019-05-23 16:09:37.848 [http-nio-9900-exec-5] INFO  com.ufi.pdioms.resource.battery.rest.BatteryRest - new battery info param:{"id":null,"number":"123654","model":"MMC电池","sn":"456ppoe","rfid":"987uued","department":"技术部","supplier":"DJI","manufacturer":"DJI","status":1,"isDelete":0}
2019-05-23 16:15:39.894 [http-nio-9900-exec-1] INFO  com.ufi.pdioms.resource.battery.rest.BatteryRest - update battery info param:{"id":null,"number":"sdf44sd54f","model":"P4P电池","sn":"c4v545c4","rfid":"e54r5we4","department":"技术部","supplier":"DJI","manufacturer":"DJI","status":0,"isDelete":0}
2019-05-23 16:29:29.819 [main] INFO  com.ufi.pdioms.resource.ResourceApplication - Starting ResourceApplication on DESKTOP-G6Q6BPH with PID 15652 (G:\WorkTest\pdioms_resource_rest\target\classes started by 18933 in G:\WorkTest\pdioms_resource_rest)
2019-05-23 16:29:29.821 [main] INFO  com.ufi.pdioms.resource.ResourceApplication - No active profile set, falling back to default profiles: default
2019-05-23 16:29:30.538 [main] INFO  o.s.d.r.config.RepositoryConfigurationDelegate - Multiple Spring Data modules found, entering strict repository configuration mode!
2019-05-23 16:29:30.540 [main] INFO  o.s.d.r.config.RepositoryConfigurationDelegate - Bootstrapping Spring Data repositories in DEFAULT mode.
2019-05-23 16:29:30.575 [main] INFO  o.s.d.r.config.RepositoryConfigurationDelegate - Finished Spring Data repository scanning in 23ms. Found 0 repository interfaces.
2019-05-23 16:29:30.834 [main] INFO  o.s.c.s.PostProcessorRegistrationDelegate$BeanPostProcessorChecker - Bean 'org.springframework.transaction.annotation.ProxyTransactionManagementConfiguration' of type [org.springframework.transaction.annotation.ProxyTransactionManagementConfiguration$$EnhancerBySpringCGLIB$$63aeaf70] is not eligible for getting processed by all BeanPostProcessors (for example: not eligible for auto-proxying)
2019-05-23 16:29:31.051 [main] INFO  o.s.boot.web.embedded.tomcat.TomcatWebServer - Tomcat initialized with port(s): 9900 (http)
2019-05-23 16:29:31.063 [main] INFO  org.apache.coyote.http11.Http11NioProtocol - Initializing ProtocolHandler ["http-nio-9900"]
2019-05-23 16:29:31.074 [main] INFO  org.apache.catalina.core.StandardService - Starting service [Tomcat]
2019-05-23 16:29:31.074 [main] INFO  org.apache.catalina.core.StandardEngine - Starting Servlet engine: [Apache Tomcat/9.0.19]
2019-05-23 16:29:31.080 [main] INFO  org.apache.catalina.core.AprLifecycleListener - Loaded APR based Apache Tomcat Native library [1.2.21] using APR version [1.6.5].
2019-05-23 16:29:31.080 [main] INFO  org.apache.catalina.core.AprLifecycleListener - APR capabilities: IPv6 [true], sendfile [true], accept filters [false], random [true].
2019-05-23 16:29:31.080 [main] INFO  org.apache.catalina.core.AprLifecycleListener - APR/OpenSSL configuration: useAprConnector [false], useOpenSSL [true]
2019-05-23 16:29:31.084 [main] INFO  org.apache.catalina.core.AprLifecycleListener - OpenSSL successfully initialized [OpenSSL 1.1.1a  20 Nov 2018]
2019-05-23 16:29:31.258 [main] INFO  o.a.c.core.ContainerBase.[Tomcat].[localhost].[/] - Initializing Spring embedded WebApplicationContext
2019-05-23 16:29:31.258 [main] INFO  org.springframework.web.context.ContextLoader - Root WebApplicationContext: initialization completed in 1218 ms
2019-05-23 16:29:31.805 [main] INFO  o.s.scheduling.concurrent.ThreadPoolTaskExecutor - Initializing ExecutorService 'applicationTaskExecutor'
2019-05-23 16:29:32.045 [main] INFO  t.mybatis.mapper.autoconfigure.MapperCacheDisabler - Clear tk.mybatis.mapper.util.MsUtil CLASS_CACHE cache.
2019-05-23 16:29:32.046 [main] INFO  t.mybatis.mapper.autoconfigure.MapperCacheDisabler - Clear tk.mybatis.mapper.genid.GenIdUtil CACHE cache.
2019-05-23 16:29:32.046 [main] INFO  t.mybatis.mapper.autoconfigure.MapperCacheDisabler - Clear tk.mybatis.mapper.version.VersionUtil CACHE cache.
2019-05-23 16:29:32.046 [main] INFO  t.mybatis.mapper.autoconfigure.MapperCacheDisabler - Clear EntityHelper entityTableMap cache.
2019-05-23 16:29:32.210 [main] INFO  org.apache.coyote.http11.Http11NioProtocol - Starting ProtocolHandler ["http-nio-9900"]
2019-05-23 16:29:32.228 [main] INFO  o.s.boot.web.embedded.tomcat.TomcatWebServer - Tomcat started on port(s): 9900 (http) with context path ''
2019-05-23 16:29:32.231 [main] INFO  com.ufi.pdioms.resource.ResourceApplication - Started ResourceApplication in 2.692 seconds (JVM running for 3.432)
2019-05-23 16:29:55.981 [http-nio-9900-exec-5] INFO  o.a.c.core.ContainerBase.[Tomcat].[localhost].[/] - Initializing Spring DispatcherServlet 'dispatcherServlet'
2019-05-23 16:29:55.981 [http-nio-9900-exec-5] INFO  org.springframework.web.servlet.DispatcherServlet - Initializing Servlet 'dispatcherServlet'
2019-05-23 16:29:55.993 [http-nio-9900-exec-5] INFO  org.springframework.web.servlet.DispatcherServlet - Completed initialization in 12 ms
2019-05-23 16:30:06.534 [http-nio-9900-exec-4] INFO  com.zaxxer.hikari.HikariDataSource - HikariPool-1 - Starting...
2019-05-23 16:30:06.682 [http-nio-9900-exec-4] INFO  com.zaxxer.hikari.HikariDataSource - HikariPool-1 - Start completed.
2019-05-23 18:53:25.331 [main] INFO  com.ufi.pdioms.resource.ResourceApplication - Starting ResourceApplication on DESKTOP-G6Q6BPH with PID 15708 (G:\WorkTest\pdioms_resource_rest\target\classes started by 18933 in G:\WorkTest\pdioms_resource_rest)
2019-05-23 18:53:25.335 [main] INFO  com.ufi.pdioms.resource.ResourceApplication - No active profile set, falling back to default profiles: default
2019-05-23 18:53:26.087 [main] INFO  o.s.d.r.config.RepositoryConfigurationDelegate - Multiple Spring Data modules found, entering strict repository configuration mode!
2019-05-23 18:53:26.089 [main] INFO  o.s.d.r.config.RepositoryConfigurationDelegate - Bootstrapping Spring Data repositories in DEFAULT mode.
2019-05-23 18:53:26.120 [main] INFO  o.s.d.r.config.RepositoryConfigurationDelegate - Finished Spring Data repository scanning in 20ms. Found 0 repository interfaces.
2019-05-23 18:53:26.329 [main] INFO  o.s.c.s.PostProcessorRegistrationDelegate$BeanPostProcessorChecker - Bean 'org.springframework.transaction.annotation.ProxyTransactionManagementConfiguration' of type [org.springframework.transaction.annotation.ProxyTransactionManagementConfiguration$$EnhancerBySpringCGLIB$$5c2f7f04] is not eligible for getting processed by all BeanPostProcessors (for example: not eligible for auto-proxying)
2019-05-23 18:53:26.518 [main] INFO  o.s.boot.web.embedded.tomcat.TomcatWebServer - Tomcat initialized with port(s): 9900 (http)
2019-05-23 18:53:26.529 [main] INFO  org.apache.coyote.http11.Http11NioProtocol - Initializing ProtocolHandler ["http-nio-9900"]
2019-05-23 18:53:26.538 [main] INFO  org.apache.catalina.core.StandardService - Starting service [Tomcat]
2019-05-23 18:53:26.538 [main] INFO  org.apache.catalina.core.StandardEngine - Starting Servlet engine: [Apache Tomcat/9.0.19]
2019-05-23 18:53:26.544 [main] INFO  org.apache.catalina.core.AprLifecycleListener - Loaded APR based Apache Tomcat Native library [1.2.21] using APR version [1.6.5].
2019-05-23 18:53:26.544 [main] INFO  org.apache.catalina.core.AprLifecycleListener - APR capabilities: IPv6 [true], sendfile [true], accept filters [false], random [true].
2019-05-23 18:53:26.544 [main] INFO  org.apache.catalina.core.AprLifecycleListener - APR/OpenSSL configuration: useAprConnector [false], useOpenSSL [true]
2019-05-23 18:53:26.547 [main] INFO  org.apache.catalina.core.AprLifecycleListener - OpenSSL successfully initialized [OpenSSL 1.1.1a  20 Nov 2018]
2019-05-23 18:53:26.700 [main] INFO  o.a.c.core.ContainerBase.[Tomcat].[localhost].[/] - Initializing Spring embedded WebApplicationContext
2019-05-23 18:53:26.700 [main] INFO  org.springframework.web.context.ContextLoader - Root WebApplicationContext: initialization completed in 1154 ms
2019-05-23 18:53:27.209 [main] INFO  o.s.scheduling.concurrent.ThreadPoolTaskExecutor - Initializing ExecutorService 'applicationTaskExecutor'
2019-05-23 18:53:27.445 [main] INFO  t.mybatis.mapper.autoconfigure.MapperCacheDisabler - Clear tk.mybatis.mapper.util.MsUtil CLASS_CACHE cache.
2019-05-23 18:53:27.445 [main] INFO  t.mybatis.mapper.autoconfigure.MapperCacheDisabler - Clear tk.mybatis.mapper.genid.GenIdUtil CACHE cache.
2019-05-23 18:53:27.445 [main] INFO  t.mybatis.mapper.autoconfigure.MapperCacheDisabler - Clear tk.mybatis.mapper.version.VersionUtil CACHE cache.
2019-05-23 18:53:27.446 [main] INFO  t.mybatis.mapper.autoconfigure.MapperCacheDisabler - Clear EntityHelper entityTableMap cache.
2019-05-23 18:53:27.603 [main] INFO  org.apache.coyote.http11.Http11NioProtocol - Starting ProtocolHandler ["http-nio-9900"]
2019-05-23 18:53:27.620 [main] INFO  o.s.boot.web.embedded.tomcat.TomcatWebServer - Tomcat started on port(s): 9900 (http) with context path ''
2019-05-23 18:53:27.624 [main] INFO  com.ufi.pdioms.resource.ResourceApplication - Started ResourceApplication in 2.689 seconds (JVM running for 3.463)
2019-05-23 18:53:41.958 [http-nio-9900-exec-4] INFO  o.a.c.core.ContainerBase.[Tomcat].[localhost].[/] - Initializing Spring DispatcherServlet 'dispatcherServlet'
2019-05-23 18:53:41.959 [http-nio-9900-exec-4] INFO  org.springframework.web.servlet.DispatcherServlet - Initializing Servlet 'dispatcherServlet'
2019-05-23 18:53:41.969 [http-nio-9900-exec-4] INFO  org.springframework.web.servlet.DispatcherServlet - Completed initialization in 10 ms
2019-05-23 18:56:03.011 [main] INFO  com.ufi.pdioms.resource.ResourceApplication - Starting ResourceApplication on DESKTOP-G6Q6BPH with PID 20600 (G:\WorkTest\pdioms_resource_rest\target\classes started by 18933 in G:\WorkTest\pdioms_resource_rest)
2019-05-23 18:56:03.013 [main] INFO  com.ufi.pdioms.resource.ResourceApplication - No active profile set, falling back to default profiles: default
2019-05-23 18:56:03.695 [main] INFO  o.s.d.r.config.RepositoryConfigurationDelegate - Multiple Spring Data modules found, entering strict repository configuration mode!
2019-05-23 18:56:03.697 [main] INFO  o.s.d.r.config.RepositoryConfigurationDelegate - Bootstrapping Spring Data repositories in DEFAULT mode.
2019-05-23 18:56:03.726 [main] INFO  o.s.d.r.config.RepositoryConfigurationDelegate - Finished Spring Data repository scanning in 20ms. Found 0 repository interfaces.
2019-05-23 18:56:03.935 [main] INFO  o.s.c.s.PostProcessorRegistrationDelegate$BeanPostProcessorChecker - Bean 'org.springframework.transaction.annotation.ProxyTransactionManagementConfiguration' of type [org.springframework.transaction.annotation.ProxyTransactionManagementConfiguration$$EnhancerBySpringCGLIB$$78897197] is not eligible for getting processed by all BeanPostProcessors (for example: not eligible for auto-proxying)
2019-05-23 18:56:04.135 [main] INFO  o.s.boot.web.embedded.tomcat.TomcatWebServer - Tomcat initialized with port(s): 9900 (http)
2019-05-23 18:56:04.146 [main] INFO  org.apache.coyote.http11.Http11NioProtocol - Initializing ProtocolHandler ["http-nio-9900"]
2019-05-23 18:56:04.154 [main] INFO  org.apache.catalina.core.StandardService - Starting service [Tomcat]
2019-05-23 18:56:04.155 [main] INFO  org.apache.catalina.core.StandardEngine - Starting Servlet engine: [Apache Tomcat/9.0.19]
2019-05-23 18:56:04.160 [main] INFO  org.apache.catalina.core.AprLifecycleListener - Loaded APR based Apache Tomcat Native library [1.2.21] using APR version [1.6.5].
2019-05-23 18:56:04.160 [main] INFO  org.apache.catalina.core.AprLifecycleListener - APR capabilities: IPv6 [true], sendfile [true], accept filters [false], random [true].
2019-05-23 18:56:04.160 [main] INFO  org.apache.catalina.core.AprLifecycleListener - APR/OpenSSL configuration: useAprConnector [false], useOpenSSL [true]
2019-05-23 18:56:04.163 [main] INFO  org.apache.catalina.core.AprLifecycleListener - OpenSSL successfully initialized [OpenSSL 1.1.1a  20 Nov 2018]
2019-05-23 18:56:04.258 [main] INFO  o.a.c.core.ContainerBase.[Tomcat].[localhost].[/] - Initializing Spring embedded WebApplicationContext
2019-05-23 18:56:04.258 [main] INFO  org.springframework.web.context.ContextLoader - Root WebApplicationContext: initialization completed in 1054 ms
2019-05-23 18:56:04.779 [main] INFO  o.s.scheduling.concurrent.ThreadPoolTaskExecutor - Initializing ExecutorService 'applicationTaskExecutor'
2019-05-23 18:56:05.026 [main] INFO  t.mybatis.mapper.autoconfigure.MapperCacheDisabler - Clear tk.mybatis.mapper.util.MsUtil CLASS_CACHE cache.
2019-05-23 18:56:05.027 [main] INFO  t.mybatis.mapper.autoconfigure.MapperCacheDisabler - Clear tk.mybatis.mapper.genid.GenIdUtil CACHE cache.
2019-05-23 18:56:05.027 [main] INFO  t.mybatis.mapper.autoconfigure.MapperCacheDisabler - Clear tk.mybatis.mapper.version.VersionUtil CACHE cache.
2019-05-23 18:56:05.027 [main] INFO  t.mybatis.mapper.autoconfigure.MapperCacheDisabler - Clear EntityHelper entityTableMap cache.
2019-05-23 18:56:05.208 [main] INFO  org.apache.coyote.http11.Http11NioProtocol - Starting ProtocolHandler ["http-nio-9900"]
2019-05-23 18:56:05.225 [main] INFO  o.s.boot.web.embedded.tomcat.TomcatWebServer - Tomcat started on port(s): 9900 (http) with context path ''
2019-05-23 18:56:05.227 [main] INFO  com.ufi.pdioms.resource.ResourceApplication - Started ResourceApplication in 2.551 seconds (JVM running for 3.297)
2019-05-23 18:56:15.251 [http-nio-9900-exec-4] INFO  o.a.c.core.ContainerBase.[Tomcat].[localhost].[/] - Initializing Spring DispatcherServlet 'dispatcherServlet'
2019-05-23 18:56:15.251 [http-nio-9900-exec-4] INFO  org.springframework.web.servlet.DispatcherServlet - Initializing Servlet 'dispatcherServlet'
2019-05-23 18:56:15.257 [http-nio-9900-exec-4] INFO  org.springframework.web.servlet.DispatcherServlet - Completed initialization in 5 ms
2019-05-23 18:57:15.850 [main] INFO  com.ufi.pdioms.resource.ResourceApplication - Starting ResourceApplication on DESKTOP-G6Q6BPH with PID 11364 (G:\WorkTest\pdioms_resource_rest\target\classes started by 18933 in G:\WorkTest\pdioms_resource_rest)
2019-05-23 18:57:15.853 [main] INFO  com.ufi.pdioms.resource.ResourceApplication - No active profile set, falling back to default profiles: default
2019-05-23 18:57:16.599 [main] INFO  o.s.d.r.config.RepositoryConfigurationDelegate - Multiple Spring Data modules found, entering strict repository configuration mode!
2019-05-23 18:57:16.601 [main] INFO  o.s.d.r.config.RepositoryConfigurationDelegate - Bootstrapping Spring Data repositories in DEFAULT mode.
2019-05-23 18:57:16.633 [main] INFO  o.s.d.r.config.RepositoryConfigurationDelegate - Finished Spring Data repository scanning in 20ms. Found 0 repository interfaces.
2019-05-23 18:57:16.844 [main] INFO  o.s.c.s.PostProcessorRegistrationDelegate$BeanPostProcessorChecker - Bean 'org.springframework.transaction.annotation.ProxyTransactionManagementConfiguration' of type [org.springframework.transaction.annotation.ProxyTransactionManagementConfiguration$$EnhancerBySpringCGLIB$$795ec0da] is not eligible for getting processed by all BeanPostProcessors (for example: not eligible for auto-proxying)
2019-05-23 18:57:17.032 [main] INFO  o.s.boot.web.embedded.tomcat.TomcatWebServer - Tomcat initialized with port(s): 9900 (http)
2019-05-23 18:57:17.043 [main] INFO  org.apache.coyote.http11.Http11NioProtocol - Initializing ProtocolHandler ["http-nio-9900"]
2019-05-23 18:57:17.052 [main] INFO  org.apache.catalina.core.StandardService - Starting service [Tomcat]
2019-05-23 18:57:17.052 [main] INFO  org.apache.catalina.core.StandardEngine - Starting Servlet engine: [Apache Tomcat/9.0.19]
2019-05-23 18:57:17.058 [main] INFO  org.apache.catalina.core.AprLifecycleListener - Loaded APR based Apache Tomcat Native library [1.2.21] using APR version [1.6.5].
2019-05-23 18:57:17.058 [main] INFO  org.apache.catalina.core.AprLifecycleListener - APR capabilities: IPv6 [true], sendfile [true], accept filters [false], random [true].
2019-05-23 18:57:17.058 [main] INFO  org.apache.catalina.core.AprLifecycleListener - APR/OpenSSL configuration: useAprConnector [false], useOpenSSL [true]
2019-05-23 18:57:17.061 [main] INFO  org.apache.catalina.core.AprLifecycleListener - OpenSSL successfully initialized [OpenSSL 1.1.1a  20 Nov 2018]
2019-05-23 18:57:17.214 [main] INFO  o.a.c.core.ContainerBase.[Tomcat].[localhost].[/] - Initializing Spring embedded WebApplicationContext
2019-05-23 18:57:17.214 [main] INFO  org.springframework.web.context.ContextLoader - Root WebApplicationContext: initialization completed in 1143 ms
2019-05-23 18:57:17.795 [main] INFO  o.s.scheduling.concurrent.ThreadPoolTaskExecutor - Initializing ExecutorService 'applicationTaskExecutor'
2019-05-23 18:57:18.070 [main] INFO  t.mybatis.mapper.autoconfigure.MapperCacheDisabler - Clear tk.mybatis.mapper.util.MsUtil CLASS_CACHE cache.
2019-05-23 18:57:18.071 [main] INFO  t.mybatis.mapper.autoconfigure.MapperCacheDisabler - Clear tk.mybatis.mapper.genid.GenIdUtil CACHE cache.
2019-05-23 18:57:18.071 [main] INFO  t.mybatis.mapper.autoconfigure.MapperCacheDisabler - Clear tk.mybatis.mapper.version.VersionUtil CACHE cache.
2019-05-23 18:57:18.072 [main] INFO  t.mybatis.mapper.autoconfigure.MapperCacheDisabler - Clear EntityHelper entityTableMap cache.
2019-05-23 18:57:18.235 [main] INFO  org.apache.coyote.http11.Http11NioProtocol - Starting ProtocolHandler ["http-nio-9900"]
2019-05-23 18:57:18.252 [main] INFO  o.s.boot.web.embedded.tomcat.TomcatWebServer - Tomcat started on port(s): 9900 (http) with context path ''
2019-05-23 18:57:18.254 [main] INFO  com.ufi.pdioms.resource.ResourceApplication - Started ResourceApplication in 2.799 seconds (JVM running for 3.523)
2019-05-23 18:57:21.523 [http-nio-9900-exec-3] INFO  o.a.c.core.ContainerBase.[Tomcat].[localhost].[/] - Initializing Spring DispatcherServlet 'dispatcherServlet'
2019-05-23 18:57:21.524 [http-nio-9900-exec-3] INFO  org.springframework.web.servlet.DispatcherServlet - Initializing Servlet 'dispatcherServlet'
2019-05-23 18:57:21.529 [http-nio-9900-exec-3] INFO  org.springframework.web.servlet.DispatcherServlet - Completed initialization in 5 ms
2019-05-23 18:59:35.427 [main] INFO  com.ufi.pdioms.resource.ResourceApplication - Starting ResourceApplication on DESKTOP-G6Q6BPH with PID 1416 (G:\WorkTest\pdioms_resource_rest\target\classes started by 18933 in G:\WorkTest\pdioms_resource_rest)
2019-05-23 18:59:35.429 [main] INFO  com.ufi.pdioms.resource.ResourceApplication - No active profile set, falling back to default profiles: default
2019-05-23 18:59:36.159 [main] INFO  o.s.d.r.config.RepositoryConfigurationDelegate - Multiple Spring Data modules found, entering strict repository configuration mode!
2019-05-23 18:59:36.161 [main] INFO  o.s.d.r.config.RepositoryConfigurationDelegate - Bootstrapping Spring Data repositories in DEFAULT mode.
2019-05-23 18:59:36.191 [main] INFO  o.s.d.r.config.RepositoryConfigurationDelegate - Finished Spring Data repository scanning in 21ms. Found 0 repository interfaces.
2019-05-23 18:59:36.404 [main] INFO  o.s.c.s.PostProcessorRegistrationDelegate$BeanPostProcessorChecker - Bean 'org.springframework.transaction.annotation.ProxyTransactionManagementConfiguration' of type [org.springframework.transaction.annotation.ProxyTransactionManagementConfiguration$$EnhancerBySpringCGLIB$$e0f31a1d] is not eligible for getting processed by all BeanPostProcessors (for example: not eligible for auto-proxying)
2019-05-23 18:59:36.593 [main] INFO  o.s.boot.web.embedded.tomcat.TomcatWebServer - Tomcat initialized with port(s): 9900 (http)
2019-05-23 18:59:36.604 [main] INFO  org.apache.coyote.http11.Http11NioProtocol - Initializing ProtocolHandler ["http-nio-9900"]
2019-05-23 18:59:36.614 [main] INFO  org.apache.catalina.core.StandardService - Starting service [Tomcat]
2019-05-23 18:59:36.614 [main] INFO  org.apache.catalina.core.StandardEngine - Starting Servlet engine: [Apache Tomcat/9.0.19]
2019-05-23 18:59:36.619 [main] INFO  org.apache.catalina.core.AprLifecycleListener - Loaded APR based Apache Tomcat Native library [1.2.21] using APR version [1.6.5].
2019-05-23 18:59:36.619 [main] INFO  org.apache.catalina.core.AprLifecycleListener - APR capabilities: IPv6 [true], sendfile [true], accept filters [false], random [true].
2019-05-23 18:59:36.619 [main] INFO  org.apache.catalina.core.AprLifecycleListener - APR/OpenSSL configuration: useAprConnector [false], useOpenSSL [true]
2019-05-23 18:59:36.622 [main] INFO  org.apache.catalina.core.AprLifecycleListener - OpenSSL successfully initialized [OpenSSL 1.1.1a  20 Nov 2018]
2019-05-23 18:59:36.778 [main] INFO  o.a.c.core.ContainerBase.[Tomcat].[localhost].[/] - Initializing Spring embedded WebApplicationContext
2019-05-23 18:59:36.778 [main] INFO  org.springframework.web.context.ContextLoader - Root WebApplicationContext: initialization completed in 1145 ms
2019-05-23 18:59:37.280 [main] INFO  o.s.scheduling.concurrent.ThreadPoolTaskExecutor - Initializing ExecutorService 'applicationTaskExecutor'
2019-05-23 18:59:37.519 [main] INFO  t.mybatis.mapper.autoconfigure.MapperCacheDisabler - Clear tk.mybatis.mapper.util.MsUtil CLASS_CACHE cache.
2019-05-23 18:59:37.520 [main] INFO  t.mybatis.mapper.autoconfigure.MapperCacheDisabler - Clear tk.mybatis.mapper.genid.GenIdUtil CACHE cache.
2019-05-23 18:59:37.520 [main] INFO  t.mybatis.mapper.autoconfigure.MapperCacheDisabler - Clear tk.mybatis.mapper.version.VersionUtil CACHE cache.
2019-05-23 18:59:37.520 [main] INFO  t.mybatis.mapper.autoconfigure.MapperCacheDisabler - Clear EntityHelper entityTableMap cache.
2019-05-23 18:59:37.678 [main] INFO  org.apache.coyote.http11.Http11NioProtocol - Starting ProtocolHandler ["http-nio-9900"]
2019-05-23 18:59:37.695 [main] INFO  o.s.boot.web.embedded.tomcat.TomcatWebServer - Tomcat started on port(s): 9900 (http) with context path ''
2019-05-23 18:59:37.698 [main] INFO  com.ufi.pdioms.resource.ResourceApplication - Started ResourceApplication in 2.634 seconds (JVM running for 3.4)
2019-05-23 18:59:46.194 [http-nio-9900-exec-4] INFO  o.a.c.core.ContainerBase.[Tomcat].[localhost].[/] - Initializing Spring DispatcherServlet 'dispatcherServlet'
2019-05-23 18:59:46.194 [http-nio-9900-exec-4] INFO  org.springframework.web.servlet.DispatcherServlet - Initializing Servlet 'dispatcherServlet'
2019-05-23 18:59:46.200 [http-nio-9900-exec-4] INFO  org.springframework.web.servlet.DispatcherServlet - Completed initialization in 6 ms
2019-05-23 18:59:46.285 [http-nio-9900-exec-4] INFO  com.zaxxer.hikari.HikariDataSource - HikariPool-1 - Starting...
2019-05-23 18:59:46.419 [http-nio-9900-exec-4] INFO  com.zaxxer.hikari.HikariDataSource - HikariPool-1 - Start completed.
2019-05-23 19:04:37.811 [main] INFO  com.ufi.pdioms.resource.ResourceApplication - Starting ResourceApplication on DESKTOP-G6Q6BPH with PID 23432 (G:\WorkTest\pdioms_resource_rest\target\classes started by 18933 in G:\WorkTest\pdioms_resource_rest)
2019-05-23 19:04:37.815 [main] INFO  com.ufi.pdioms.resource.ResourceApplication - No active profile set, falling back to default profiles: default
2019-05-23 19:04:38.682 [main] INFO  o.s.d.r.config.RepositoryConfigurationDelegate - Multiple Spring Data modules found, entering strict repository configuration mode!
2019-05-23 19:04:38.684 [main] INFO  o.s.d.r.config.RepositoryConfigurationDelegate - Bootstrapping Spring Data repositories in DEFAULT mode.
2019-05-23 19:04:38.718 [main] INFO  o.s.d.r.config.RepositoryConfigurationDelegate - Finished Spring Data repository scanning in 22ms. Found 0 repository interfaces.
2019-05-23 19:04:38.967 [main] INFO  o.s.c.s.PostProcessorRegistrationDelegate$BeanPostProcessorChecker - Bean 'org.springframework.transaction.annotation.ProxyTransactionManagementConfiguration' of type [org.springframework.transaction.annotation.ProxyTransactionManagementConfiguration$$EnhancerBySpringCGLIB$$7c4c96d1] is not eligible for getting processed by all BeanPostProcessors (for example: not eligible for auto-proxying)
2019-05-23 19:04:39.173 [main] INFO  o.s.boot.web.embedded.tomcat.TomcatWebServer - Tomcat initialized with port(s): 9900 (http)
2019-05-23 19:04:39.184 [main] INFO  org.apache.coyote.http11.Http11NioProtocol - Initializing ProtocolHandler ["http-nio-9900"]
2019-05-23 19:04:39.196 [main] INFO  org.apache.catalina.core.StandardService - Starting service [Tomcat]
2019-05-23 19:04:39.197 [main] INFO  org.apache.catalina.core.StandardEngine - Starting Servlet engine: [Apache Tomcat/9.0.19]
2019-05-23 19:04:39.205 [main] INFO  org.apache.catalina.core.AprLifecycleListener - Loaded APR based Apache Tomcat Native library [1.2.21] using APR version [1.6.5].
2019-05-23 19:04:39.206 [main] INFO  org.apache.catalina.core.AprLifecycleListener - APR capabilities: IPv6 [true], sendfile [true], accept filters [false], random [true].
2019-05-23 19:04:39.206 [main] INFO  org.apache.catalina.core.AprLifecycleListener - APR/OpenSSL configuration: useAprConnector [false], useOpenSSL [true]
2019-05-23 19:04:39.210 [main] INFO  org.apache.catalina.core.AprLifecycleListener - OpenSSL successfully initialized [OpenSSL 1.1.1a  20 Nov 2018]
2019-05-23 19:04:39.375 [main] INFO  o.a.c.core.ContainerBase.[Tomcat].[localhost].[/] - Initializing Spring embedded WebApplicationContext
2019-05-23 19:04:39.376 [main] INFO  org.springframework.web.context.ContextLoader - Root WebApplicationContext: initialization completed in 1301 ms
2019-05-23 19:04:39.888 [main] INFO  o.s.scheduling.concurrent.ThreadPoolTaskExecutor - Initializing ExecutorService 'applicationTaskExecutor'
2019-05-23 19:04:40.126 [main] INFO  t.mybatis.mapper.autoconfigure.MapperCacheDisabler - Clear tk.mybatis.mapper.util.MsUtil CLASS_CACHE cache.
2019-05-23 19:04:40.126 [main] INFO  t.mybatis.mapper.autoconfigure.MapperCacheDisabler - Clear tk.mybatis.mapper.genid.GenIdUtil CACHE cache.
2019-05-23 19:04:40.127 [main] INFO  t.mybatis.mapper.autoconfigure.MapperCacheDisabler - Clear tk.mybatis.mapper.version.VersionUtil CACHE cache.
2019-05-23 19:04:40.127 [main] INFO  t.mybatis.mapper.autoconfigure.MapperCacheDisabler - Clear EntityHelper entityTableMap cache.
2019-05-23 19:04:40.289 [main] INFO  org.apache.coyote.http11.Http11NioProtocol - Starting ProtocolHandler ["http-nio-9900"]
2019-05-23 19:04:40.307 [main] INFO  o.s.boot.web.embedded.tomcat.TomcatWebServer - Tomcat started on port(s): 9900 (http) with context path ''
2019-05-23 19:04:40.312 [main] INFO  com.ufi.pdioms.resource.ResourceApplication - Started ResourceApplication in 2.905 seconds (JVM running for 3.63)
2019-05-23 19:04:41.811 [http-nio-9900-exec-2] INFO  o.a.c.core.ContainerBase.[Tomcat].[localhost].[/] - Initializing Spring DispatcherServlet 'dispatcherServlet'
2019-05-23 19:04:41.811 [http-nio-9900-exec-2] INFO  org.springframework.web.servlet.DispatcherServlet - Initializing Servlet 'dispatcherServlet'
2019-05-23 19:04:41.817 [http-nio-9900-exec-2] INFO  org.springframework.web.servlet.DispatcherServlet - Completed initialization in 5 ms
2019-05-23 19:04:41.874 [http-nio-9900-exec-2] INFO  com.zaxxer.hikari.HikariDataSource - HikariPool-1 - Starting...
2019-05-23 19:04:41.977 [http-nio-9900-exec-2] INFO  com.zaxxer.hikari.HikariDataSource - HikariPool-1 - Start completed.
2019-05-23 19:13:13.179 [main] INFO  com.ufi.pdioms.resource.ResourceApplication - Starting ResourceApplication on DESKTOP-G6Q6BPH with PID 11748 (G:\WorkTest\pdioms_resource_rest\target\classes started by 18933 in G:\WorkTest\pdioms_resource_rest)
2019-05-23 19:13:13.181 [main] INFO  com.ufi.pdioms.resource.ResourceApplication - No active profile set, falling back to default profiles: default
2019-05-23 19:13:13.892 [main] INFO  o.s.d.r.config.RepositoryConfigurationDelegate - Multiple Spring Data modules found, entering strict repository configuration mode!
2019-05-23 19:13:13.894 [main] INFO  o.s.d.r.config.RepositoryConfigurationDelegate - Bootstrapping Spring Data repositories in DEFAULT mode.
2019-05-23 19:13:13.924 [main] INFO  o.s.d.r.config.RepositoryConfigurationDelegate - Finished Spring Data repository scanning in 20ms. Found 0 repository interfaces.
2019-05-23 19:13:14.138 [main] INFO  o.s.c.s.PostProcessorRegistrationDelegate$BeanPostProcessorChecker - Bean 'org.springframework.transaction.annotation.ProxyTransactionManagementConfiguration' of type [org.springframework.transaction.annotation.ProxyTransactionManagementConfiguration$$EnhancerBySpringCGLIB$$4f8f580e] is not eligible for getting processed by all BeanPostProcessors (for example: not eligible for auto-proxying)
2019-05-23 19:13:14.326 [main] INFO  o.s.boot.web.embedded.tomcat.TomcatWebServer - Tomcat initialized with port(s): 9900 (http)
2019-05-23 19:13:14.337 [main] INFO  org.apache.coyote.http11.Http11NioProtocol - Initializing ProtocolHandler ["http-nio-9900"]
2019-05-23 19:13:14.346 [main] INFO  org.apache.catalina.core.StandardService - Starting service [Tomcat]
2019-05-23 19:13:14.346 [main] INFO  org.apache.catalina.core.StandardEngine - Starting Servlet engine: [Apache Tomcat/9.0.19]
2019-05-23 19:13:14.351 [main] INFO  org.apache.catalina.core.AprLifecycleListener - Loaded APR based Apache Tomcat Native library [1.2.21] using APR version [1.6.5].
2019-05-23 19:13:14.351 [main] INFO  org.apache.catalina.core.AprLifecycleListener - APR capabilities: IPv6 [true], sendfile [true], accept filters [false], random [true].
2019-05-23 19:13:14.351 [main] INFO  org.apache.catalina.core.AprLifecycleListener - APR/OpenSSL configuration: useAprConnector [false], useOpenSSL [true]
2019-05-23 19:13:14.354 [main] INFO  org.apache.catalina.core.AprLifecycleListener - OpenSSL successfully initialized [OpenSSL 1.1.1a  20 Nov 2018]
2019-05-23 19:13:14.507 [main] INFO  o.a.c.core.ContainerBase.[Tomcat].[localhost].[/] - Initializing Spring embedded WebApplicationContext
2019-05-23 19:13:14.507 [main] INFO  org.springframework.web.context.ContextLoader - Root WebApplicationContext: initialization completed in 1125 ms
2019-05-23 19:13:15.004 [main] INFO  o.s.scheduling.concurrent.ThreadPoolTaskExecutor - Initializing ExecutorService 'applicationTaskExecutor'
2019-05-23 19:13:15.239 [main] INFO  t.mybatis.mapper.autoconfigure.MapperCacheDisabler - Clear tk.mybatis.mapper.util.MsUtil CLASS_CACHE cache.
2019-05-23 19:13:15.239 [main] INFO  t.mybatis.mapper.autoconfigure.MapperCacheDisabler - Clear tk.mybatis.mapper.genid.GenIdUtil CACHE cache.
2019-05-23 19:13:15.239 [main] INFO  t.mybatis.mapper.autoconfigure.MapperCacheDisabler - Clear tk.mybatis.mapper.version.VersionUtil CACHE cache.
2019-05-23 19:13:15.240 [main] INFO  t.mybatis.mapper.autoconfigure.MapperCacheDisabler - Clear EntityHelper entityTableMap cache.
2019-05-23 19:13:15.400 [main] INFO  org.apache.coyote.http11.Http11NioProtocol - Starting ProtocolHandler ["http-nio-9900"]
2019-05-23 19:13:15.419 [main] INFO  o.s.boot.web.embedded.tomcat.TomcatWebServer - Tomcat started on port(s): 9900 (http) with context path ''
2019-05-23 19:13:15.422 [main] INFO  com.ufi.pdioms.resource.ResourceApplication - Started ResourceApplication in 2.591 seconds (JVM running for 3.418)
2019-05-23 19:13:19.342 [http-nio-9900-exec-2] INFO  o.a.c.core.ContainerBase.[Tomcat].[localhost].[/] - Initializing Spring DispatcherServlet 'dispatcherServlet'
2019-05-23 19:13:19.343 [http-nio-9900-exec-2] INFO  org.springframework.web.servlet.DispatcherServlet - Initializing Servlet 'dispatcherServlet'
2019-05-23 19:13:19.351 [http-nio-9900-exec-2] INFO  org.springframework.web.servlet.DispatcherServlet - Completed initialization in 8 ms
2019-05-23 19:13:19.425 [http-nio-9900-exec-2] INFO  com.zaxxer.hikari.HikariDataSource - HikariPool-1 - Starting...
2019-05-23 19:13:19.526 [http-nio-9900-exec-2] INFO  com.zaxxer.hikari.HikariDataSource - HikariPool-1 - Start completed.
2019-05-23 19:16:21.176 [main] INFO  com.ufi.pdioms.resource.ResourceApplication - Starting ResourceApplication on DESKTOP-G6Q6BPH with PID 17376 (G:\WorkTest\pdioms_resource_rest\target\classes started by 18933 in G:\WorkTest\pdioms_resource_rest)
2019-05-23 19:16:21.180 [main] INFO  com.ufi.pdioms.resource.ResourceApplication - No active profile set, falling back to default profiles: default
2019-05-23 19:16:21.886 [main] INFO  o.s.d.r.config.RepositoryConfigurationDelegate - Multiple Spring Data modules found, entering strict repository configuration mode!
2019-05-23 19:16:21.888 [main] INFO  o.s.d.r.config.RepositoryConfigurationDelegate - Bootstrapping Spring Data repositories in DEFAULT mode.
2019-05-23 19:16:21.919 [main] INFO  o.s.d.r.config.RepositoryConfigurationDelegate - Finished Spring Data repository scanning in 20ms. Found 0 repository interfaces.
2019-05-23 19:16:22.130 [main] INFO  o.s.c.s.PostProcessorRegistrationDelegate$BeanPostProcessorChecker - Bean 'org.springframework.transaction.annotation.ProxyTransactionManagementConfiguration' of type [org.springframework.transaction.annotation.ProxyTransactionManagementConfiguration$$EnhancerBySpringCGLIB$$637374b9] is not eligible for getting processed by all BeanPostProcessors (for example: not eligible for auto-proxying)
2019-05-23 19:16:22.327 [main] INFO  o.s.boot.web.embedded.tomcat.TomcatWebServer - Tomcat initialized with port(s): 9900 (http)
2019-05-23 19:16:22.337 [main] INFO  org.apache.coyote.http11.Http11NioProtocol - Initializing ProtocolHandler ["http-nio-9900"]
2019-05-23 19:16:22.347 [main] INFO  org.apache.catalina.core.StandardService - Starting service [Tomcat]
2019-05-23 19:16:22.347 [main] INFO  org.apache.catalina.core.StandardEngine - Starting Servlet engine: [Apache Tomcat/9.0.19]
2019-05-23 19:16:22.353 [main] INFO  org.apache.catalina.core.AprLifecycleListener - Loaded APR based Apache Tomcat Native library [1.2.21] using APR version [1.6.5].
2019-05-23 19:16:22.353 [main] INFO  org.apache.catalina.core.AprLifecycleListener - APR capabilities: IPv6 [true], sendfile [true], accept filters [false], random [true].
2019-05-23 19:16:22.354 [main] INFO  org.apache.catalina.core.AprLifecycleListener - APR/OpenSSL configuration: useAprConnector [false], useOpenSSL [true]
2019-05-23 19:16:22.357 [main] INFO  org.apache.catalina.core.AprLifecycleListener - OpenSSL successfully initialized [OpenSSL 1.1.1a  20 Nov 2018]
2019-05-23 19:16:22.523 [main] INFO  o.a.c.core.ContainerBase.[Tomcat].[localhost].[/] - Initializing Spring embedded WebApplicationContext
2019-05-23 19:16:22.523 [main] INFO  org.springframework.web.context.ContextLoader - Root WebApplicationContext: initialization completed in 1132 ms
2019-05-23 19:16:23.064 [main] INFO  o.s.scheduling.concurrent.ThreadPoolTaskExecutor - Initializing ExecutorService 'applicationTaskExecutor'
2019-05-23 19:16:23.317 [main] INFO  t.mybatis.mapper.autoconfigure.MapperCacheDisabler - Clear tk.mybatis.mapper.util.MsUtil CLASS_CACHE cache.
2019-05-23 19:16:23.317 [main] INFO  t.mybatis.mapper.autoconfigure.MapperCacheDisabler - Clear tk.mybatis.mapper.genid.GenIdUtil CACHE cache.
2019-05-23 19:16:23.318 [main] INFO  t.mybatis.mapper.autoconfigure.MapperCacheDisabler - Clear tk.mybatis.mapper.version.VersionUtil CACHE cache.
2019-05-23 19:16:23.318 [main] INFO  t.mybatis.mapper.autoconfigure.MapperCacheDisabler - Clear EntityHelper entityTableMap cache.
2019-05-23 19:16:23.478 [main] INFO  org.apache.coyote.http11.Http11NioProtocol - Starting ProtocolHandler ["http-nio-9900"]
2019-05-23 19:16:23.495 [main] INFO  o.s.boot.web.embedded.tomcat.TomcatWebServer - Tomcat started on port(s): 9900 (http) with context path ''
2019-05-23 19:16:23.498 [main] INFO  com.ufi.pdioms.resource.ResourceApplication - Started ResourceApplication in 2.645 seconds (JVM running for 3.377)
2019-05-23 19:16:27.037 [http-nio-9900-exec-2] INFO  o.a.c.core.ContainerBase.[Tomcat].[localhost].[/] - Initializing Spring DispatcherServlet 'dispatcherServlet'
2019-05-23 19:16:27.037 [http-nio-9900-exec-2] INFO  org.springframework.web.servlet.DispatcherServlet - Initializing Servlet 'dispatcherServlet'
2019-05-23 19:16:27.046 [http-nio-9900-exec-2] INFO  org.springframework.web.servlet.DispatcherServlet - Completed initialization in 9 ms
2019-05-23 19:16:27.124 [http-nio-9900-exec-2] INFO  com.zaxxer.hikari.HikariDataSource - HikariPool-1 - Starting...
2019-05-23 19:16:27.212 [http-nio-9900-exec-2] INFO  com.zaxxer.hikari.HikariDataSource - HikariPool-1 - Start completed.
2019-05-23 19:17:24.209 [main] INFO  com.ufi.pdioms.resource.ResourceApplication - Starting ResourceApplication on DESKTOP-G6Q6BPH with PID 1876 (G:\WorkTest\pdioms_resource_rest\target\classes started by 18933 in G:\WorkTest\pdioms_resource_rest)
2019-05-23 19:17:24.211 [main] INFO  com.ufi.pdioms.resource.ResourceApplication - No active profile set, falling back to default profiles: default
2019-05-23 19:17:25.054 [main] INFO  o.s.d.r.config.RepositoryConfigurationDelegate - Multiple Spring Data modules found, entering strict repository configuration mode!
2019-05-23 19:17:25.056 [main] INFO  o.s.d.r.config.RepositoryConfigurationDelegate - Bootstrapping Spring Data repositories in DEFAULT mode.
2019-05-23 19:17:25.089 [main] INFO  o.s.d.r.config.RepositoryConfigurationDelegate - Finished Spring Data repository scanning in 21ms. Found 0 repository interfaces.
2019-05-23 19:17:25.299 [main] INFO  o.s.c.s.PostProcessorRegistrationDelegate$BeanPostProcessorChecker - Bean 'org.springframework.transaction.annotation.ProxyTransactionManagementConfiguration' of type [org.springframework.transaction.annotation.ProxyTransactionManagementConfiguration$$EnhancerBySpringCGLIB$$67503adf] is not eligible for getting processed by all BeanPostProcessors (for example: not eligible for auto-proxying)
2019-05-23 19:17:25.477 [main] INFO  o.s.boot.web.embedded.tomcat.TomcatWebServer - Tomcat initialized with port(s): 9900 (http)
2019-05-23 19:17:25.488 [main] INFO  org.apache.coyote.http11.Http11NioProtocol - Initializing ProtocolHandler ["http-nio-9900"]
2019-05-23 19:17:25.497 [main] INFO  org.apache.catalina.core.StandardService - Starting service [Tomcat]
2019-05-23 19:17:25.497 [main] INFO  org.apache.catalina.core.StandardEngine - Starting Servlet engine: [Apache Tomcat/9.0.19]
2019-05-23 19:17:25.502 [main] INFO  org.apache.catalina.core.AprLifecycleListener - Loaded APR based Apache Tomcat Native library [1.2.21] using APR version [1.6.5].
2019-05-23 19:17:25.502 [main] INFO  org.apache.catalina.core.AprLifecycleListener - APR capabilities: IPv6 [true], sendfile [true], accept filters [false], random [true].
2019-05-23 19:17:25.502 [main] INFO  org.apache.catalina.core.AprLifecycleListener - APR/OpenSSL configuration: useAprConnector [false], useOpenSSL [true]
2019-05-23 19:17:25.505 [main] INFO  org.apache.catalina.core.AprLifecycleListener - OpenSSL successfully initialized [OpenSSL 1.1.1a  20 Nov 2018]
2019-05-23 19:17:25.659 [main] INFO  o.a.c.core.ContainerBase.[Tomcat].[localhost].[/] - Initializing Spring embedded WebApplicationContext
2019-05-23 19:17:25.660 [main] INFO  org.springframework.web.context.ContextLoader - Root WebApplicationContext: initialization completed in 1187 ms
2019-05-23 19:17:26.154 [main] INFO  o.s.scheduling.concurrent.ThreadPoolTaskExecutor - Initializing ExecutorService 'applicationTaskExecutor'
2019-05-23 19:17:26.385 [main] INFO  t.mybatis.mapper.autoconfigure.MapperCacheDisabler - Clear tk.mybatis.mapper.util.MsUtil CLASS_CACHE cache.
2019-05-23 19:17:26.385 [main] INFO  t.mybatis.mapper.autoconfigure.MapperCacheDisabler - Clear tk.mybatis.mapper.genid.GenIdUtil CACHE cache.
2019-05-23 19:17:26.385 [main] INFO  t.mybatis.mapper.autoconfigure.MapperCacheDisabler - Clear tk.mybatis.mapper.version.VersionUtil CACHE cache.
2019-05-23 19:17:26.386 [main] INFO  t.mybatis.mapper.autoconfigure.MapperCacheDisabler - Clear EntityHelper entityTableMap cache.
2019-05-23 19:17:26.540 [main] INFO  org.apache.coyote.http11.Http11NioProtocol - Starting ProtocolHandler ["http-nio-9900"]
2019-05-23 19:17:26.557 [main] INFO  o.s.boot.web.embedded.tomcat.TomcatWebServer - Tomcat started on port(s): 9900 (http) with context path ''
2019-05-23 19:17:26.560 [main] INFO  com.ufi.pdioms.resource.ResourceApplication - Started ResourceApplication in 2.72 seconds (JVM running for 3.518)
2019-05-23 19:17:28.883 [http-nio-9900-exec-1] INFO  o.a.c.core.ContainerBase.[Tomcat].[localhost].[/] - Initializing Spring DispatcherServlet 'dispatcherServlet'
2019-05-23 19:17:28.883 [http-nio-9900-exec-1] INFO  org.springframework.web.servlet.DispatcherServlet - Initializing Servlet 'dispatcherServlet'
2019-05-23 19:17:28.888 [http-nio-9900-exec-1] INFO  org.springframework.web.servlet.DispatcherServlet - Completed initialization in 5 ms
2019-05-23 19:17:28.950 [http-nio-9900-exec-1] INFO  com.zaxxer.hikari.HikariDataSource - HikariPool-1 - Starting...
2019-05-23 19:17:29.047 [http-nio-9900-exec-1] INFO  com.zaxxer.hikari.HikariDataSource - HikariPool-1 - Start completed.
2019-05-23 19:17:41.961 [main] INFO  com.ufi.pdioms.resource.ResourceApplication - Starting ResourceApplication on DESKTOP-G6Q6BPH with PID 19856 (G:\WorkTest\pdioms_resource_rest\target\classes started by 18933 in G:\WorkTest\pdioms_resource_rest)
2019-05-23 19:17:41.964 [main] INFO  com.ufi.pdioms.resource.ResourceApplication - No active profile set, falling back to default profiles: default
2019-05-23 19:17:42.645 [main] INFO  o.s.d.r.config.RepositoryConfigurationDelegate - Multiple Spring Data modules found, entering strict repository configuration mode!
2019-05-23 19:17:42.647 [main] INFO  o.s.d.r.config.RepositoryConfigurationDelegate - Bootstrapping Spring Data repositories in DEFAULT mode.
2019-05-23 19:17:42.676 [main] INFO  o.s.d.r.config.RepositoryConfigurationDelegate - Finished Spring Data repository scanning in 20ms. Found 0 repository interfaces.
2019-05-23 19:17:42.888 [main] INFO  o.s.c.s.PostProcessorRegistrationDelegate$BeanPostProcessorChecker - Bean 'org.springframework.transaction.annotation.ProxyTransactionManagementConfiguration' of type [org.springframework.transaction.annotation.ProxyTransactionManagementConfiguration$$EnhancerBySpringCGLIB$$2c4c7717] is not eligible for getting processed by all BeanPostProcessors (for example: not eligible for auto-proxying)
2019-05-23 19:17:43.081 [main] INFO  o.s.boot.web.embedded.tomcat.TomcatWebServer - Tomcat initialized with port(s): 9900 (http)
2019-05-23 19:17:43.091 [main] INFO  org.apache.coyote.http11.Http11NioProtocol - Initializing ProtocolHandler ["http-nio-9900"]
2019-05-23 19:17:43.101 [main] INFO  org.apache.catalina.core.StandardService - Starting service [Tomcat]
2019-05-23 19:17:43.101 [main] INFO  org.apache.catalina.core.StandardEngine - Starting Servlet engine: [Apache Tomcat/9.0.19]
2019-05-23 19:17:43.105 [main] INFO  org.apache.catalina.core.AprLifecycleListener - Loaded APR based Apache Tomcat Native library [1.2.21] using APR version [1.6.5].
2019-05-23 19:17:43.105 [main] INFO  org.apache.catalina.core.AprLifecycleListener - APR capabilities: IPv6 [true], sendfile [true], accept filters [false], random [true].
2019-05-23 19:17:43.106 [main] INFO  org.apache.catalina.core.AprLifecycleListener - APR/OpenSSL configuration: useAprConnector [false], useOpenSSL [true]
2019-05-23 19:17:43.108 [main] INFO  org.apache.catalina.core.AprLifecycleListener - OpenSSL successfully initialized [OpenSSL 1.1.1a  20 Nov 2018]
2019-05-23 19:17:43.263 [main] INFO  o.a.c.core.ContainerBase.[Tomcat].[localhost].[/] - Initializing Spring embedded WebApplicationContext
2019-05-23 19:17:43.263 [main] INFO  org.springframework.web.context.ContextLoader - Root WebApplicationContext: initialization completed in 1104 ms
2019-05-23 19:17:43.759 [main] INFO  o.s.scheduling.concurrent.ThreadPoolTaskExecutor - Initializing ExecutorService 'applicationTaskExecutor'
2019-05-23 19:17:43.992 [main] INFO  t.mybatis.mapper.autoconfigure.MapperCacheDisabler - Clear tk.mybatis.mapper.util.MsUtil CLASS_CACHE cache.
2019-05-23 19:17:43.992 [main] INFO  t.mybatis.mapper.autoconfigure.MapperCacheDisabler - Clear tk.mybatis.mapper.genid.GenIdUtil CACHE cache.
2019-05-23 19:17:43.993 [main] INFO  t.mybatis.mapper.autoconfigure.MapperCacheDisabler - Clear tk.mybatis.mapper.version.VersionUtil CACHE cache.
2019-05-23 19:17:43.993 [main] INFO  t.mybatis.mapper.autoconfigure.MapperCacheDisabler - Clear EntityHelper entityTableMap cache.
2019-05-23 19:17:44.149 [main] INFO  org.apache.coyote.http11.Http11NioProtocol - Starting ProtocolHandler ["http-nio-9900"]
2019-05-23 19:17:44.166 [main] INFO  o.s.boot.web.embedded.tomcat.TomcatWebServer - Tomcat started on port(s): 9900 (http) with context path ''
2019-05-23 19:17:44.168 [main] INFO  com.ufi.pdioms.resource.ResourceApplication - Started ResourceApplication in 2.557 seconds (JVM running for 3.296)
2019-05-23 19:17:47.024 [http-nio-9900-exec-5] INFO  o.a.c.core.ContainerBase.[Tomcat].[localhost].[/] - Initializing Spring DispatcherServlet 'dispatcherServlet'
2019-05-23 19:17:47.024 [http-nio-9900-exec-5] INFO  org.springframework.web.servlet.DispatcherServlet - Initializing Servlet 'dispatcherServlet'
2019-05-23 19:17:47.050 [http-nio-9900-exec-5] INFO  org.springframework.web.servlet.DispatcherServlet - Completed initialization in 25 ms
2019-05-23 19:17:47.153 [http-nio-9900-exec-5] INFO  com.zaxxer.hikari.HikariDataSource - HikariPool-1 - Starting...
2019-05-23 19:17:47.251 [http-nio-9900-exec-5] INFO  com.zaxxer.hikari.HikariDataSource - HikariPool-1 - Start completed.
2019-05-23 19:20:05.827 [main] INFO  com.ufi.pdioms.resource.ResourceApplication - Starting ResourceApplication on DESKTOP-G6Q6BPH with PID 4172 (G:\WorkTest\pdioms_resource_rest\target\classes started by 18933 in G:\WorkTest\pdioms_resource_rest)
2019-05-23 19:20:05.830 [main] INFO  com.ufi.pdioms.resource.ResourceApplication - No active profile set, falling back to default profiles: default
2019-05-23 19:20:06.513 [main] INFO  o.s.d.r.config.RepositoryConfigurationDelegate - Multiple Spring Data modules found, entering strict repository configuration mode!
2019-05-23 19:20:06.515 [main] INFO  o.s.d.r.config.RepositoryConfigurationDelegate - Bootstrapping Spring Data repositories in DEFAULT mode.
2019-05-23 19:20:06.545 [main] INFO  o.s.d.r.config.RepositoryConfigurationDelegate - Finished Spring Data repository scanning in 19ms. Found 0 repository interfaces.
2019-05-23 19:20:06.756 [main] INFO  o.s.c.s.PostProcessorRegistrationDelegate$BeanPostProcessorChecker - Bean 'org.springframework.transaction.annotation.ProxyTransactionManagementConfiguration' of type [org.springframework.transaction.annotation.ProxyTransactionManagementConfiguration$$EnhancerBySpringCGLIB$$fb6cd824] is not eligible for getting processed by all BeanPostProcessors (for example: not eligible for auto-proxying)
2019-05-23 19:20:06.938 [main] INFO  o.s.boot.web.embedded.tomcat.TomcatWebServer - Tomcat initialized with port(s): 9900 (http)
2019-05-23 19:20:06.948 [main] INFO  org.apache.coyote.http11.Http11NioProtocol - Initializing ProtocolHandler ["http-nio-9900"]
2019-05-23 19:20:06.957 [main] INFO  org.apache.catalina.core.StandardService - Starting service [Tomcat]
2019-05-23 19:20:06.957 [main] INFO  org.apache.catalina.core.StandardEngine - Starting Servlet engine: [Apache Tomcat/9.0.19]
2019-05-23 19:20:06.962 [main] INFO  org.apache.catalina.core.AprLifecycleListener - Loaded APR based Apache Tomcat Native library [1.2.21] using APR version [1.6.5].
2019-05-23 19:20:06.963 [main] INFO  org.apache.catalina.core.AprLifecycleListener - APR capabilities: IPv6 [true], sendfile [true], accept filters [false], random [true].
2019-05-23 19:20:06.963 [main] INFO  org.apache.catalina.core.AprLifecycleListener - APR/OpenSSL configuration: useAprConnector [false], useOpenSSL [true]
2019-05-23 19:20:06.966 [main] INFO  org.apache.catalina.core.AprLifecycleListener - OpenSSL successfully initialized [OpenSSL 1.1.1a  20 Nov 2018]
2019-05-23 19:20:07.125 [main] INFO  o.a.c.core.ContainerBase.[Tomcat].[localhost].[/] - Initializing Spring embedded WebApplicationContext
2019-05-23 19:20:07.125 [main] INFO  org.springframework.web.context.ContextLoader - Root WebApplicationContext: initialization completed in 1099 ms
2019-05-23 19:20:07.622 [main] INFO  o.s.scheduling.concurrent.ThreadPoolTaskExecutor - Initializing ExecutorService 'applicationTaskExecutor'
2019-05-23 19:20:07.859 [main] INFO  t.mybatis.mapper.autoconfigure.MapperCacheDisabler - Clear tk.mybatis.mapper.util.MsUtil CLASS_CACHE cache.
2019-05-23 19:20:07.860 [main] INFO  t.mybatis.mapper.autoconfigure.MapperCacheDisabler - Clear tk.mybatis.mapper.genid.GenIdUtil CACHE cache.
2019-05-23 19:20:07.860 [main] INFO  t.mybatis.mapper.autoconfigure.MapperCacheDisabler - Clear tk.mybatis.mapper.version.VersionUtil CACHE cache.
2019-05-23 19:20:07.860 [main] INFO  t.mybatis.mapper.autoconfigure.MapperCacheDisabler - Clear EntityHelper entityTableMap cache.
2019-05-23 19:20:08.015 [main] INFO  org.apache.coyote.http11.Http11NioProtocol - Starting ProtocolHandler ["http-nio-9900"]
2019-05-23 19:20:08.032 [main] INFO  o.s.boot.web.embedded.tomcat.TomcatWebServer - Tomcat started on port(s): 9900 (http) with context path ''
2019-05-23 19:20:08.035 [main] INFO  com.ufi.pdioms.resource.ResourceApplication - Started ResourceApplication in 2.578 seconds (JVM running for 3.295)
2019-05-23 19:20:11.515 [http-nio-9900-exec-4] INFO  o.a.c.core.ContainerBase.[Tomcat].[localhost].[/] - Initializing Spring DispatcherServlet 'dispatcherServlet'
2019-05-23 19:20:11.515 [http-nio-9900-exec-4] INFO  org.springframework.web.servlet.DispatcherServlet - Initializing Servlet 'dispatcherServlet'
2019-05-23 19:20:11.522 [http-nio-9900-exec-4] INFO  org.springframework.web.servlet.DispatcherServlet - Completed initialization in 6 ms
2019-05-23 19:20:11.597 [http-nio-9900-exec-4] INFO  com.zaxxer.hikari.HikariDataSource - HikariPool-1 - Starting...
2019-05-23 19:20:11.697 [http-nio-9900-exec-4] INFO  com.zaxxer.hikari.HikariDataSource - HikariPool-1 - Start completed.
